#
# A fatal error has been detected by the Java Runtime Environment:
#
#  SIGSEGV (0xb) at pc=0x000000012c8feadb, pid=55176, tid=54019
#
# JRE version: OpenJDK Runtime Environment (11.0.2+9) (build 11.0.2+9)
# Java VM: OpenJDK 64-Bit Server VM (11.0.2+9, mixed mode, tiered, compressed oops, g1 gc, bsd-amd64)
# Problematic frame:
# C  [libawt_lwawt.dylib+0x1badb]  OGLSD_SetScratchSurface+0x1f
#
# No core dump will be written. Core dumps have been disabled. To enable core dumping, try "ulimit -c unlimited" before starting Java again
#
# If you would like to submit a bug report, please visit:
#   http://bugreport.java.com/bugreport/crash.jsp
# The crash happened outside the Java Virtual Machine in native code.
# See problematic frame for where to report the bug.
#

---------------  S U M M A R Y ------------

Command Line: HardwareSimulatorMain

Host: MacBookPro15,2 x86_64 2300 MHz, 8 cores, 16G, Darwin 17.7.0
Time: Sat Jun 15 14:10:31 2019 CST elapsed time: 149017 seconds (1d 17h 23m 37s)

---------------  T H R E A D  ---------------

Current thread (0x00007fa03426c000):  JavaThread "Java2D Queue Flusher" daemon [_thread_in_native, id=54019, stack(0x000070000eb9a000,0x000070000ec9a000)]

Stack: [0x000070000eb9a000,0x000070000ec9a000],  sp=0x000070000ec99820,  free space=1022k
Native frames: (J=compiled Java code, A=aot compiled Java code, j=interpreted, Vv=VM code, C=native code)
C  [libawt_lwawt.dylib+0x1badb]  OGLSD_SetScratchSurface+0x1f
C  [libawt_lwawt.dylib+0x3ffae]  Java_sun_java2d_opengl_OGLRenderQueue_flushBuffer+0x94a
J 2598  sun.java2d.opengl.OGLRenderQueue.flushBuffer(JI)V java.desktop@11.0.2 (0 bytes) @ 0x00000001180fadfd [0x00000001180fad40+0x00000000000000bd]
J 4593 c2 sun.java2d.opengl.OGLRenderQueue.flushBuffer()V java.desktop@11.0.2 (41 bytes) @ 0x00000001182e9090 [0x00000001182e9040+0x0000000000000050]
J 5299% c1 sun.java2d.opengl.OGLRenderQueue$QueueFlusher.run()V java.desktop@11.0.2 (234 bytes) @ 0x0000000111199a24 [0x00000001111993a0+0x0000000000000684]
j  java.lang.Thread.run()V+11 java.base@11.0.2
v  ~StubRoutines::call_stub
V  [libjvm.dylib+0x39b736]  _ZN9JavaCalls11call_helperEP9JavaValueRK12methodHandleP17JavaCallArgumentsP6Thread+0x21a
V  [libjvm.dylib+0x39ab80]  _ZN9JavaCalls12call_virtualEP9JavaValueP5KlassP6SymbolS5_P17JavaCallArgumentsP6Thread+0xee
V  [libjvm.dylib+0x39ac3c]  _ZN9JavaCalls12call_virtualEP9JavaValue6HandleP5KlassP6SymbolS6_P6Thread+0x62
V  [libjvm.dylib+0x41e818]  _ZL12thread_entryP10JavaThreadP6Thread+0x78
V  [libjvm.dylib+0x6ed196]  _ZN10JavaThread17thread_main_innerEv+0x82
V  [libjvm.dylib+0x6ecfe1]  _ZN10JavaThread3runEv+0x1ab
V  [libjvm.dylib+0x5f00f3]  _ZL19thread_native_entryP6Thread+0x135
C  [libsystem_pthread.dylib+0x3661]  _pthread_body+0x154
C  [libsystem_pthread.dylib+0x350d]  _pthread_body+0x0
C  [libsystem_pthread.dylib+0x2bf9]  thread_start+0xd

Java frames: (J=compiled Java code, j=interpreted, Vv=VM code)
J 2598  sun.java2d.opengl.OGLRenderQueue.flushBuffer(JI)V java.desktop@11.0.2 (0 bytes) @ 0x00000001180fad88 [0x00000001180fad40+0x0000000000000048]
J 4593 c2 sun.java2d.opengl.OGLRenderQueue.flushBuffer()V java.desktop@11.0.2 (41 bytes) @ 0x00000001182e9090 [0x00000001182e9040+0x0000000000000050]
J 5299% c1 sun.java2d.opengl.OGLRenderQueue$QueueFlusher.run()V java.desktop@11.0.2 (234 bytes) @ 0x0000000111199a24 [0x00000001111993a0+0x0000000000000684]
j  java.lang.Thread.run()V+11 java.base@11.0.2
v  ~StubRoutines::call_stub

siginfo: si_signo: 11 (SIGSEGV), si_code: 1 (SEGV_MAPERR), si_addr: 0x0000000000000002

Register to memory mapping:

RAX=0x00007fa037500670 points into unknown readable memory: e0 bf ef 31 a0 7f 00 00
RBX=0x00007fa03ca18c60 points into unknown readable memory: b0 16 76 03 fa 07 00 30
RCX=0x0000000000000047 is an unknown value
RDX=0x000000012c922f8b: Java_sun_java2d_opengl_OGLRenderQueue_flushBuffer+0x927 in /Library/Java/JavaVirtualMachines/openjdk-11.0.2.jdk/Contents/Home/lib/libawt_lwawt.dylib at 0x000000012c8e3000
RSP=0x000070000ec99820 is pointing into the stack for thread: 0x00007fa03426c000
RBP=0x000070000ec99850 is pointing into the stack for thread: 0x00007fa03426c000
RSI=0x00007fa03ca18c60 points into unknown readable memory: b0 16 76 03 fa 07 00 30
RDI=0x00007fa03426c340 points into unknown readable memory: e0 30 b0 07 01 00 00 00
R8 =0x00007fa033231748 points into unknown readable memory: 00 b3 74 2c 00 b3 74 2c
R9 =0xffffffff00000000 is an unknown value
R10=0x00000001180fad88 is at entry_point+72 in (nmethod*)0x00000001180fab90
R11=0x0000000000000020 is an unknown value
R12=0x00007fa03427f610 points into unknown readable memory: 5a 00 00 00 49 00 00 00
R13=0x0000000000000002 is an unknown value
R14=0x000000012c92321c: Java_sun_java2d_opengl_OGLRenderQueue_flushBuffer+0xbb8 in /Library/Java/JavaVirtualMachines/openjdk-11.0.2.jdk/Contents/Home/lib/libawt_lwawt.dylib at 0x000000012c8e3000
R15=0x00007fa03426c340 points into unknown readable memory: e0 30 b0 07 01 00 00 00


Registers:
RAX=0x00007fa037500670, RBX=0x00007fa03ca18c60, RCX=0x0000000000000047, RDX=0x000000012c922f8b
RSP=0x000070000ec99820, RBP=0x000070000ec99850, RSI=0x00007fa03ca18c60, RDI=0x00007fa03426c340
R8 =0x00007fa033231748, R9 =0xffffffff00000000, R10=0x00000001180fad88, R11=0x0000000000000020
R12=0x00007fa03427f610, R13=0x0000000000000002, R14=0x000000012c92321c, R15=0x00007fa03426c340
RIP=0x000000012c8feadb, EFLAGS=0x0000000000010202, ERR=0x0000000000000004
  TRAPNO=0x000000000000000e

Top of Stack: (sp=0x000070000ec99820)
0x000070000ec99820:   00007fa037500670 00007fa03ca18c60
0x000070000ec99830:   00007fa03427f610 00007fa03427f620
0x000070000ec99840:   000000012c92321c 00007fa03426c340
0x000070000ec99850:   000070000ec998b0 000000012c922fae
0x000070000ec99860:   000070000ec99880 00000001079081a4
0x000070000ec99870:   000070000ec99b28 0000000031c92ef0
0x000070000ec99880:   000070000ec998e0 0000000700235288
0x000070000ec99890:   0000000000000000 0000000700235310
0x000070000ec998a0:   000000000000000f 00007fa03426c000
0x000070000ec998b0:   000070000ec99900 00000001180fadfd
0x000070000ec998c0:   0000000700235288 0000000000000000
0x000070000ec998d0:   000000000000000f 00007fa03426c000
0x000070000ec998e0:   000070000ec99930 00000001180a71fb
0x000070000ec998f0:   00000007002236a8 0000000110b3e1c4
0x000070000ec99900:   0000000700235288 00000001182e9090
0x000070000ec99910:   00007fa033084260 0000000110b3e160
0x000070000ec99920:   000070000ec99940 0000000000000202
0x000070000ec99930:   000070000ec99a88 0000000111199a24
0x000070000ec99940:   0000000000000041 00000001319c2200
0x000070000ec99950:   000000011057f490 00007fa000000000
0x000070000ec99960:   000070000ec99a08 000070000ec999b0
0x000070000ec99970:   0000000111198f90 0000000000000000
0x000070000ec99980:   000070000ec99a30 00007fa03426c000
0x000070000ec99990:   000070000ec99a08 0000000110590d70
0x000070000ec999a0:   0000000110580ca7 0000000110590d39
0x000070000ec999b0:   0000000100000001 00000007002236a8
0x000070000ec999c0:   00000007002236a8 0000000100000000
0x000070000ec999d0:   000070000ec99a30 00000001319c2520
0x000070000ec999e0:   00000001aa18b170 00000007002236c8
0x000070000ec999f0:   0000000000000001 00000007002236a8
0x000070000ec99a00:   000070000ec99a30 000070000ec99a88
0x000070000ec99a10:   0000000110580cec 0000000000000000 

Instructions: (pc=0x000000012c8feadb)
0x000000012c8feabb:   c3 55 48 89 e5 41 57 41 56 41 55 41 54 53 50 49
0x000000012c8feacb:   89 ff 48 85 f6 74 57 4c 8b 6e 10 4d 85 ed 74 57
0x000000012c8feadb:   49 8b 5d 00 31 c0 e8 2e da 02 00 49 89 c6 48 8b
0x000000012c8feaeb:   3b 48 8b 35 bd 54 05 00 ff 15 2f 8a 04 00 48 85 

Stack slot to memory mapping:
stack at sp + 0 slots: 0x00007fa037500670 points into unknown readable memory: e0 bf ef 31 a0 7f 00 00
stack at sp + 1 slots: 0x00007fa03ca18c60 points into unknown readable memory: b0 16 76 03 fa 07 00 30
stack at sp + 2 slots: 0x00007fa03427f610 points into unknown readable memory: 5a 00 00 00 49 00 00 00
stack at sp + 3 slots: 0x00007fa03427f620 points into unknown readable memory: 00 00 80 3f 00 00 00 00
stack at sp + 4 slots: 0x000000012c92321c: Java_sun_java2d_opengl_OGLRenderQueue_flushBuffer+0xbb8 in /Library/Java/JavaVirtualMachines/openjdk-11.0.2.jdk/Contents/Home/lib/libawt_lwawt.dylib at 0x000000012c8e3000
stack at sp + 5 slots: 0x00007fa03426c340 points into unknown readable memory: e0 30 b0 07 01 00 00 00
stack at sp + 6 slots: 0x000070000ec998b0 is pointing into the stack for thread: 0x00007fa03426c000
stack at sp + 7 slots: 0x000000012c922fae: Java_sun_java2d_opengl_OGLRenderQueue_flushBuffer+0x94a in /Library/Java/JavaVirtualMachines/openjdk-11.0.2.jdk/Contents/Home/lib/libawt_lwawt.dylib at 0x000000012c8e3000


---------------  P R O C E S S  ---------------

Threads class SMR info:
_java_thread_list=0x00007fa0391e8f60, length=18, elements={
0x00007fa034009000, 0x00007fa03400e000, 0x00007fa03500f000, 0x00007fa033833800,
0x00007fa03210f000, 0x00007fa032112000, 0x00007fa03580a800, 0x00007fa034011000,
0x00007fa03390d000, 0x00007fa032391800, 0x00007fa03426c000, 0x00007fa032561800,
0x00007fa032813000, 0x00007fa0343d3800, 0x00007fa0343ee000, 0x00007fa03601c800,
0x00007fa034809800, 0x00007fa0323a8800
}

Java Threads: ( => current thread )
  0x00007fa034009000 JavaThread "Reference Handler" daemon [_thread_blocked, id=13571, stack(0x000070000e27f000,0x000070000e37f000)]
  0x00007fa03400e000 JavaThread "Finalizer" daemon [_thread_blocked, id=14083, stack(0x000070000e382000,0x000070000e482000)]
  0x00007fa03500f000 JavaThread "Signal Dispatcher" daemon [_thread_blocked, id=18183, stack(0x000070000e485000,0x000070000e585000)]
  0x00007fa033833800 JavaThread "C2 CompilerThread0" daemon [_thread_blocked, id=16131, stack(0x000070000e588000,0x000070000e688000)]
  0x00007fa03210f000 JavaThread "C1 CompilerThread0" daemon [_thread_blocked, id=21763, stack(0x000070000e68b000,0x000070000e78b000)]
  0x00007fa032112000 JavaThread "Sweeper thread" daemon [_thread_blocked, id=42755, stack(0x000070000e78e000,0x000070000e88e000)]
  0x00007fa03580a800 JavaThread "Service Thread" daemon [_thread_blocked, id=41987, stack(0x000070000e891000,0x000070000e991000)]
  0x00007fa034011000 JavaThread "Common-Cleaner" daemon [_thread_blocked, id=41219, stack(0x000070000ea97000,0x000070000eb97000)]
  0x00007fa03390d000 JavaThread "AppKit Thread" daemon [_thread_in_native, id=775, stack(0x00007ffee93f2000,0x00007ffee9bf2000)]
  0x00007fa032391800 JavaThread "AWT-Shutdown" [_thread_blocked, id=33795, stack(0x000070000ec9d000,0x000070000ed9d000)]
=>0x00007fa03426c000 JavaThread "Java2D Queue Flusher" daemon [_thread_in_native, id=54019, stack(0x000070000eb9a000,0x000070000ec9a000)]
  0x00007fa032561800 JavaThread "Java2D Disposer" daemon [_thread_blocked, id=74003, stack(0x000070000f02f000,0x000070000f12f000)]
  0x00007fa032813000 JavaThread "AWT-EventQueue-0" [_thread_blocked, id=59727, stack(0x000070000f235000,0x000070000f335000)]
  0x00007fa0343d3800 JavaThread "SwingWorker-pool-1-thread-1" daemon [_thread_blocked, id=129295, stack(0x000070000f9cd000,0x000070000facd000)]
  0x00007fa0343ee000 JavaThread "TimerQueue" daemon [_thread_blocked, id=89603, stack(0x000070000fad0000,0x000070000fbd0000)]
  0x00007fa03601c800 JavaThread "SwingWorker-pool-1-thread-2" daemon [_thread_blocked, id=90371, stack(0x000070000fcd6000,0x000070000fdd6000)]
  0x00007fa034809800 JavaThread "DestroyJavaVM" [_thread_blocked, id=9219, stack(0x000000010604d000,0x000000010614d000)]
  0x00007fa0323a8800 JavaThread "Image Fetcher 0" daemon [_thread_blocked, id=98319, stack(0x000070000f3bb000,0x000070000f4bb000)]

Other Threads:
  0x00007fa032101000 VMThread "VM Thread" [stack: 0x000070000e17c000,0x000070000e27c000] [id=13059]
  0x00007fa03480e000 WatcherThread [stack: 0x000070000e994000,0x000070000ea94000] [id=22019]
  0x00007fa034004800 GCTaskThread "GC Thread#0" [stack: 0x000070000dc6d000,0x000070000dd6d000] [id=20995]
  0x00007fa034274000 GCTaskThread "GC Thread#1" [stack: 0x000070000f4be000,0x000070000f5be000] [id=87823]
  0x00007fa0343ce800 GCTaskThread "GC Thread#2" [stack: 0x000070000f5c1000,0x000070000f6c1000] [id=130567]
  0x00007fa0343e4800 GCTaskThread "GC Thread#3" [stack: 0x000070000f6c4000,0x000070000f7c4000] [id=130051]
  0x00007fa0343c7800 GCTaskThread "GC Thread#4" [stack: 0x000070000f7c7000,0x000070000f8c7000] [id=88835]
  0x00007fa034484000 GCTaskThread "GC Thread#5" [stack: 0x000070000f8ca000,0x000070000f9ca000] [id=129539]
  0x00007fa036012800 GCTaskThread "GC Thread#6" [stack: 0x000070000fedc000,0x000070000ffdc000] [id=122179]
  0x00007fa03427c000 GCTaskThread "GC Thread#7" [stack: 0x000070000ffdf000,0x00007000100df000] [id=59379]
  0x00007fa032051800 ConcurrentGCThread "G1 Main Marker" [stack: 0x000070000dd70000,0x000070000de70000] [id=20483]
  0x00007fa034005800 ConcurrentGCThread "G1 Conc#0" [stack: 0x000070000de73000,0x000070000df73000] [id=19715]
  0x00007fa0353cb800 ConcurrentGCThread "G1 Conc#1" [stack: 0x000070000fbd3000,0x000070000fcd3000] [id=128515]
  0x00007fa0320f2800 ConcurrentGCThread "G1 Refine#0" [stack: 0x000070000df76000,0x000070000e076000] [id=12291]
  0x00007fa033800800 ConcurrentGCThread "G1 Young RemSet Sampling" [stack: 0x000070000e079000,0x000070000e179000] [id=12547]

Threads with active compile tasks:

VM state:not at safepoint (normal execution)

VM Mutex/Monitor currently owned by a thread: None

Heap address: 0x0000000700000000, size: 4096 MB, Compressed Oops mode: Zero based, Oop shift amount: 3
Narrow klass base: 0x0000000800000000, Narrow klass shift: 0
Compressed class space size: 1073741824 Address: 0x0000000800000000

Heap:
 garbage-first heap   total 262144K, used 33520K [0x0000000700000000, 0x0000000800000000)
  region size 1024K, 12 young (12288K), 10 survivors (10240K)
 Metaspace       used 25300K, capacity 25907K, committed 26240K, reserved 1073152K
  class space    used 2810K, capacity 3083K, committed 3200K, reserved 1048576K
Heap Regions: E=young(eden), S=young(survivor), O=old, HS=humongous(starts), HC=humongous(continues), CS=collection set, F=free, A=archive, TAMS=top-at-mark-start (previous, next)
|   0|0x0000000700000000, 0x0000000700100000, 0x0000000700100000|100%| O|  |TAMS 0x0000000700100000, 0x0000000700000000| Untracked 
|   1|0x0000000700100000, 0x0000000700200000, 0x0000000700200000|100%| O|  |TAMS 0x0000000700200000, 0x0000000700100000| Untracked 
|   2|0x0000000700200000, 0x0000000700300000, 0x0000000700300000|100%| O|  |TAMS 0x000000070021d000, 0x0000000700200000| Untracked 
|   3|0x0000000700300000, 0x0000000700400000, 0x0000000700400000|100%| O|  |TAMS 0x0000000700300000, 0x0000000700300000| Untracked 
|   4|0x0000000700400000, 0x0000000700500000, 0x0000000700500000|100%| O|  |TAMS 0x0000000700400000, 0x0000000700400000| Untracked 
|   5|0x0000000700500000, 0x0000000700600000, 0x0000000700600000|100%| O|  |TAMS 0x0000000700500000, 0x0000000700500000| Untracked 
|   6|0x0000000700600000, 0x0000000700700000, 0x0000000700700000|100%| O|  |TAMS 0x0000000700600000, 0x0000000700600000| Untracked 
|   7|0x0000000700700000, 0x0000000700800000, 0x0000000700800000|100%| O|  |TAMS 0x0000000700700000, 0x0000000700700000| Untracked 
|   8|0x0000000700800000, 0x0000000700900000, 0x0000000700900000|100%| O|  |TAMS 0x0000000700800000, 0x0000000700800000| Untracked 
|   9|0x0000000700900000, 0x0000000700a00000, 0x0000000700a00000|100%| O|  |TAMS 0x0000000700900000, 0x0000000700900000| Untracked 
|  10|0x0000000700a00000, 0x0000000700a4e800, 0x0000000700b00000| 30%| O|  |TAMS 0x0000000700a00000, 0x0000000700a00000| Untracked 
|  11|0x0000000700b00000, 0x0000000700c00000, 0x0000000700c00000|100%|HS|  |TAMS 0x0000000700b00000, 0x0000000700b00000| Complete 
|  12|0x0000000700c00000, 0x0000000700d00000, 0x0000000700d00000|100%|HC|  |TAMS 0x0000000700c00000, 0x0000000700c00000| Complete 
|  13|0x0000000700d00000, 0x0000000700e00000, 0x0000000700e00000|100%|HC|  |TAMS 0x0000000700d00000, 0x0000000700d00000| Complete 
|  14|0x0000000700e00000, 0x0000000700f00000, 0x0000000700f00000|100%|HC|  |TAMS 0x0000000700e00000, 0x0000000700e00000| Complete 
|  15|0x0000000700f00000, 0x0000000701000000, 0x0000000701000000|100%|HC|  |TAMS 0x0000000700f00000, 0x0000000700f00000| Complete 
|  16|0x0000000701000000, 0x0000000701100000, 0x0000000701100000|100%|HC|  |TAMS 0x0000000701000000, 0x0000000701000000| Complete 
|  17|0x0000000701100000, 0x0000000701200000, 0x0000000701200000|100%|HC|  |TAMS 0x0000000701100000, 0x0000000701100000| Complete 
|  18|0x0000000701200000, 0x0000000701300000, 0x0000000701300000|100%|HC|  |TAMS 0x0000000701200000, 0x0000000701200000| Complete 
|  19|0x0000000701300000, 0x0000000701400000, 0x0000000701400000|100%|HC|  |TAMS 0x0000000701300000, 0x0000000701300000| Complete 
|  20|0x0000000701400000, 0x0000000701500000, 0x0000000701500000|100%|HC|  |TAMS 0x0000000701400000, 0x0000000701400000| Complete 
|  21|0x0000000701500000, 0x0000000701600000, 0x0000000701600000|100%|HC|  |TAMS 0x0000000701500000, 0x0000000701500000| Complete 
|  22|0x0000000701600000, 0x0000000701700000, 0x0000000701700000|100%|HC|  |TAMS 0x0000000701600000, 0x0000000701600000| Complete 
|  23|0x0000000701700000, 0x0000000701700000, 0x0000000701800000|  0%| F|  |TAMS 0x0000000701700000, 0x0000000701700000| Untracked 
|  24|0x0000000701800000, 0x0000000701800000, 0x0000000701900000|  0%| F|  |TAMS 0x0000000701800000, 0x0000000701800000| Untracked 
|  25|0x0000000701900000, 0x0000000701900000, 0x0000000701a00000|  0%| F|  |TAMS 0x0000000701900000, 0x0000000701900000| Untracked 
|  26|0x0000000701a00000, 0x0000000701a00000, 0x0000000701b00000|  0%| F|  |TAMS 0x0000000701a00000, 0x0000000701a00000| Untracked 
|  27|0x0000000701b00000, 0x0000000701b00000, 0x0000000701c00000|  0%| F|  |TAMS 0x0000000701b00000, 0x0000000701b00000| Untracked 
|  28|0x0000000701c00000, 0x0000000701c00000, 0x0000000701d00000|  0%| F|  |TAMS 0x0000000701c00000, 0x0000000701c00000| Untracked 
|  29|0x0000000701d00000, 0x0000000701d00000, 0x0000000701e00000|  0%| F|  |TAMS 0x0000000701d00000, 0x0000000701d00000| Untracked 
|  30|0x0000000701e00000, 0x0000000701e00000, 0x0000000701f00000|  0%| F|  |TAMS 0x0000000701e00000, 0x0000000701e00000| Untracked 
|  31|0x0000000701f00000, 0x0000000701f00000, 0x0000000702000000|  0%| F|  |TAMS 0x0000000701f00000, 0x0000000701f00000| Untracked 
|  32|0x0000000702000000, 0x0000000702000000, 0x0000000702100000|  0%| F|  |TAMS 0x0000000702000000, 0x0000000702000000| Untracked 
|  33|0x0000000702100000, 0x0000000702100000, 0x0000000702200000|  0%| F|  |TAMS 0x0000000702100000, 0x0000000702100000| Untracked 
|  34|0x0000000702200000, 0x0000000702200000, 0x0000000702300000|  0%| F|  |TAMS 0x0000000702200000, 0x0000000702200000| Untracked 
|  35|0x0000000702300000, 0x0000000702300000, 0x0000000702400000|  0%| F|  |TAMS 0x0000000702300000, 0x0000000702300000| Untracked 
|  36|0x0000000702400000, 0x0000000702400000, 0x0000000702500000|  0%| F|  |TAMS 0x0000000702400000, 0x0000000702400000| Untracked 
|  37|0x0000000702500000, 0x0000000702500000, 0x0000000702600000|  0%| F|  |TAMS 0x0000000702500000, 0x0000000702500000| Untracked 
|  38|0x0000000702600000, 0x0000000702600000, 0x0000000702700000|  0%| F|  |TAMS 0x0000000702600000, 0x0000000702600000| Untracked 
|  39|0x0000000702700000, 0x0000000702700000, 0x0000000702800000|  0%| F|  |TAMS 0x0000000702700000, 0x0000000702700000| Untracked 
|  40|0x0000000702800000, 0x0000000702800000, 0x0000000702900000|  0%| F|  |TAMS 0x0000000702800000, 0x0000000702800000| Untracked 
|  41|0x0000000702900000, 0x0000000702900000, 0x0000000702a00000|  0%| F|  |TAMS 0x0000000702900000, 0x0000000702900000| Untracked 
|  42|0x0000000702a00000, 0x0000000702a00000, 0x0000000702b00000|  0%| F|  |TAMS 0x0000000702a00000, 0x0000000702a00000| Untracked 
|  43|0x0000000702b00000, 0x0000000702b00000, 0x0000000702c00000|  0%| F|  |TAMS 0x0000000702b00000, 0x0000000702b00000| Untracked 
|  44|0x0000000702c00000, 0x0000000702c00000, 0x0000000702d00000|  0%| F|  |TAMS 0x0000000702c00000, 0x0000000702c00000| Untracked 
|  45|0x0000000702d00000, 0x0000000702d00000, 0x0000000702e00000|  0%| F|  |TAMS 0x0000000702d00000, 0x0000000702d00000| Untracked 
|  46|0x0000000702e00000, 0x0000000702e00000, 0x0000000702f00000|  0%| F|  |TAMS 0x0000000702e00000, 0x0000000702e00000| Untracked 
|  47|0x0000000702f00000, 0x0000000702f00000, 0x0000000703000000|  0%| F|  |TAMS 0x0000000702f00000, 0x0000000702f00000| Untracked 
|  48|0x0000000703000000, 0x0000000703000000, 0x0000000703100000|  0%| F|  |TAMS 0x0000000703000000, 0x0000000703000000| Untracked 
|  49|0x0000000703100000, 0x0000000703100000, 0x0000000703200000|  0%| F|  |TAMS 0x0000000703100000, 0x0000000703100000| Untracked 
|  50|0x0000000703200000, 0x0000000703200000, 0x0000000703300000|  0%| F|  |TAMS 0x0000000703200000, 0x0000000703200000| Untracked 
|  51|0x0000000703300000, 0x0000000703300000, 0x0000000703400000|  0%| F|  |TAMS 0x0000000703300000, 0x0000000703300000| Untracked 
|  52|0x0000000703400000, 0x0000000703400000, 0x0000000703500000|  0%| F|  |TAMS 0x0000000703400000, 0x0000000703400000| Untracked 
|  53|0x0000000703500000, 0x0000000703500000, 0x0000000703600000|  0%| F|  |TAMS 0x0000000703500000, 0x0000000703500000| Untracked 
|  54|0x0000000703600000, 0x0000000703600000, 0x0000000703700000|  0%| F|  |TAMS 0x0000000703600000, 0x0000000703600000| Untracked 
|  55|0x0000000703700000, 0x0000000703700000, 0x0000000703800000|  0%| F|  |TAMS 0x0000000703700000, 0x0000000703700000| Untracked 
|  56|0x0000000703800000, 0x0000000703800000, 0x0000000703900000|  0%| F|  |TAMS 0x0000000703800000, 0x0000000703800000| Untracked 
|  57|0x0000000703900000, 0x0000000703900000, 0x0000000703a00000|  0%| F|  |TAMS 0x0000000703900000, 0x0000000703900000| Untracked 
|  58|0x0000000703a00000, 0x0000000703a00000, 0x0000000703b00000|  0%| F|  |TAMS 0x0000000703a00000, 0x0000000703a00000| Untracked 
|  59|0x0000000703b00000, 0x0000000703b00000, 0x0000000703c00000|  0%| F|  |TAMS 0x0000000703b00000, 0x0000000703b00000| Untracked 
|  60|0x0000000703c00000, 0x0000000703c00000, 0x0000000703d00000|  0%| F|  |TAMS 0x0000000703c00000, 0x0000000703c00000| Untracked 
|  61|0x0000000703d00000, 0x0000000703d00000, 0x0000000703e00000|  0%| F|  |TAMS 0x0000000703d00000, 0x0000000703d00000| Untracked 
|  62|0x0000000703e00000, 0x0000000703e00000, 0x0000000703f00000|  0%| F|  |TAMS 0x0000000703e00000, 0x0000000703e00000| Untracked 
|  63|0x0000000703f00000, 0x0000000703f00000, 0x0000000704000000|  0%| F|  |TAMS 0x0000000703f00000, 0x0000000703f00000| Untracked 
|  64|0x0000000704000000, 0x0000000704000000, 0x0000000704100000|  0%| F|  |TAMS 0x0000000704000000, 0x0000000704000000| Untracked 
|  65|0x0000000704100000, 0x0000000704100000, 0x0000000704200000|  0%| F|  |TAMS 0x0000000704100000, 0x0000000704100000| Untracked 
|  66|0x0000000704200000, 0x0000000704200000, 0x0000000704300000|  0%| F|  |TAMS 0x0000000704200000, 0x0000000704200000| Untracked 
|  67|0x0000000704300000, 0x0000000704300000, 0x0000000704400000|  0%| F|  |TAMS 0x0000000704300000, 0x0000000704300000| Untracked 
|  68|0x0000000704400000, 0x0000000704400000, 0x0000000704500000|  0%| F|  |TAMS 0x0000000704400000, 0x0000000704400000| Untracked 
|  69|0x0000000704500000, 0x0000000704500000, 0x0000000704600000|  0%| F|  |TAMS 0x0000000704500000, 0x0000000704500000| Untracked 
|  70|0x0000000704600000, 0x0000000704600000, 0x0000000704700000|  0%| F|  |TAMS 0x0000000704600000, 0x0000000704600000| Untracked 
|  71|0x0000000704700000, 0x0000000704700000, 0x0000000704800000|  0%| F|  |TAMS 0x0000000704700000, 0x0000000704700000| Untracked 
|  72|0x0000000704800000, 0x0000000704800000, 0x0000000704900000|  0%| F|  |TAMS 0x0000000704800000, 0x0000000704800000| Untracked 
|  73|0x0000000704900000, 0x0000000704900000, 0x0000000704a00000|  0%| F|  |TAMS 0x0000000704900000, 0x0000000704900000| Untracked 
|  74|0x0000000704a00000, 0x0000000704a00000, 0x0000000704b00000|  0%| F|  |TAMS 0x0000000704a00000, 0x0000000704a00000| Untracked 
|  75|0x0000000704b00000, 0x0000000704b00000, 0x0000000704c00000|  0%| F|  |TAMS 0x0000000704b00000, 0x0000000704b00000| Untracked 
|  76|0x0000000704c00000, 0x0000000704c00000, 0x0000000704d00000|  0%| F|  |TAMS 0x0000000704c00000, 0x0000000704c00000| Untracked 
|  77|0x0000000704d00000, 0x0000000704d00000, 0x0000000704e00000|  0%| F|  |TAMS 0x0000000704d00000, 0x0000000704d00000| Untracked 
|  78|0x0000000704e00000, 0x0000000704e00000, 0x0000000704f00000|  0%| F|  |TAMS 0x0000000704e00000, 0x0000000704e00000| Untracked 
|  79|0x0000000704f00000, 0x0000000704f00000, 0x0000000705000000|  0%| F|  |TAMS 0x0000000704f00000, 0x0000000704f00000| Untracked 
|  80|0x0000000705000000, 0x0000000705000000, 0x0000000705100000|  0%| F|  |TAMS 0x0000000705000000, 0x0000000705000000| Untracked 
|  81|0x0000000705100000, 0x0000000705100000, 0x0000000705200000|  0%| F|  |TAMS 0x0000000705100000, 0x0000000705100000| Untracked 
|  82|0x0000000705200000, 0x0000000705200000, 0x0000000705300000|  0%| F|  |TAMS 0x0000000705200000, 0x0000000705200000| Untracked 
|  83|0x0000000705300000, 0x0000000705300000, 0x0000000705400000|  0%| F|  |TAMS 0x0000000705300000, 0x0000000705300000| Untracked 
|  84|0x0000000705400000, 0x0000000705400000, 0x0000000705500000|  0%| F|  |TAMS 0x0000000705400000, 0x0000000705400000| Untracked 
|  85|0x0000000705500000, 0x0000000705500000, 0x0000000705600000|  0%| F|  |TAMS 0x0000000705500000, 0x0000000705500000| Untracked 
|  86|0x0000000705600000, 0x0000000705600000, 0x0000000705700000|  0%| F|  |TAMS 0x0000000705600000, 0x0000000705600000| Untracked 
|  87|0x0000000705700000, 0x0000000705700000, 0x0000000705800000|  0%| F|  |TAMS 0x0000000705700000, 0x0000000705700000| Untracked 
|  88|0x0000000705800000, 0x0000000705800000, 0x0000000705900000|  0%| F|  |TAMS 0x0000000705800000, 0x0000000705800000| Untracked 
|  89|0x0000000705900000, 0x0000000705900000, 0x0000000705a00000|  0%| F|  |TAMS 0x0000000705900000, 0x0000000705900000| Untracked 
|  90|0x0000000705a00000, 0x0000000705a00000, 0x0000000705b00000|  0%| F|  |TAMS 0x0000000705a00000, 0x0000000705a00000| Untracked 
|  91|0x0000000705b00000, 0x0000000705b00000, 0x0000000705c00000|  0%| F|  |TAMS 0x0000000705b00000, 0x0000000705b00000| Untracked 
|  92|0x0000000705c00000, 0x0000000705c00000, 0x0000000705d00000|  0%| F|  |TAMS 0x0000000705c00000, 0x0000000705c00000| Untracked 
|  93|0x0000000705d00000, 0x0000000705d6d910, 0x0000000705e00000| 42%| S|CS|TAMS 0x0000000705d00000, 0x0000000705d00000| Complete 
|  94|0x0000000705e00000, 0x0000000705f00000, 0x0000000705f00000|100%| S|CS|TAMS 0x0000000705e00000, 0x0000000705e00000| Complete 
|  95|0x0000000705f00000, 0x0000000706000000, 0x0000000706000000|100%| S|CS|TAMS 0x0000000705f00000, 0x0000000705f00000| Complete 
|  96|0x0000000706000000, 0x0000000706100000, 0x0000000706100000|100%| S|CS|TAMS 0x0000000706000000, 0x0000000706000000| Complete 
|  97|0x0000000706100000, 0x0000000706200000, 0x0000000706200000|100%| S|CS|TAMS 0x0000000706100000, 0x0000000706100000| Complete 
|  98|0x0000000706200000, 0x0000000706300000, 0x0000000706300000|100%| S|CS|TAMS 0x0000000706200000, 0x0000000706200000| Complete 
|  99|0x0000000706300000, 0x0000000706400000, 0x0000000706400000|100%| S|CS|TAMS 0x0000000706300000, 0x0000000706300000| Complete 
| 100|0x0000000706400000, 0x0000000706500000, 0x0000000706500000|100%| S|CS|TAMS 0x0000000706400000, 0x0000000706400000| Complete 
| 101|0x0000000706500000, 0x0000000706600000, 0x0000000706600000|100%| S|CS|TAMS 0x0000000706500000, 0x0000000706500000| Complete 
| 102|0x0000000706600000, 0x0000000706700000, 0x0000000706700000|100%| S|CS|TAMS 0x0000000706600000, 0x0000000706600000| Complete 
| 103|0x0000000706700000, 0x0000000706700000, 0x0000000706800000|  0%| F|  |TAMS 0x0000000706700000, 0x0000000706700000| Untracked 
| 104|0x0000000706800000, 0x0000000706800000, 0x0000000706900000|  0%| F|  |TAMS 0x0000000706800000, 0x0000000706800000| Untracked 
| 105|0x0000000706900000, 0x0000000706900000, 0x0000000706a00000|  0%| F|  |TAMS 0x0000000706900000, 0x0000000706900000| Untracked 
| 106|0x0000000706a00000, 0x0000000706a00000, 0x0000000706b00000|  0%| F|  |TAMS 0x0000000706a00000, 0x0000000706a00000| Untracked 
| 107|0x0000000706b00000, 0x0000000706b00000, 0x0000000706c00000|  0%| F|  |TAMS 0x0000000706b00000, 0x0000000706b00000| Untracked 
| 108|0x0000000706c00000, 0x0000000706c00000, 0x0000000706d00000|  0%| F|  |TAMS 0x0000000706c00000, 0x0000000706c00000| Untracked 
| 109|0x0000000706d00000, 0x0000000706d00000, 0x0000000706e00000|  0%| F|  |TAMS 0x0000000706d00000, 0x0000000706d00000| Untracked 
| 110|0x0000000706e00000, 0x0000000706e00000, 0x0000000706f00000|  0%| F|  |TAMS 0x0000000706e00000, 0x0000000706e00000| Untracked 
| 111|0x0000000706f00000, 0x0000000706f00000, 0x0000000707000000|  0%| F|  |TAMS 0x0000000706f00000, 0x0000000706f00000| Untracked 
| 112|0x0000000707000000, 0x0000000707000000, 0x0000000707100000|  0%| F|  |TAMS 0x0000000707000000, 0x0000000707000000| Untracked 
| 113|0x0000000707100000, 0x0000000707100000, 0x0000000707200000|  0%| F|  |TAMS 0x0000000707100000, 0x0000000707100000| Untracked 
| 114|0x0000000707200000, 0x0000000707200000, 0x0000000707300000|  0%| F|  |TAMS 0x0000000707200000, 0x0000000707200000| Untracked 
| 115|0x0000000707300000, 0x0000000707300000, 0x0000000707400000|  0%| F|  |TAMS 0x0000000707300000, 0x0000000707300000| Untracked 
| 116|0x0000000707400000, 0x0000000707400000, 0x0000000707500000|  0%| F|  |TAMS 0x0000000707400000, 0x0000000707400000| Untracked 
| 117|0x0000000707500000, 0x0000000707500000, 0x0000000707600000|  0%| F|  |TAMS 0x0000000707500000, 0x0000000707500000| Untracked 
| 118|0x0000000707600000, 0x0000000707600000, 0x0000000707700000|  0%| F|  |TAMS 0x0000000707600000, 0x0000000707600000| Untracked 
| 119|0x0000000707700000, 0x0000000707700000, 0x0000000707800000|  0%| F|  |TAMS 0x0000000707700000, 0x0000000707700000| Untracked 
| 120|0x0000000707800000, 0x0000000707800000, 0x0000000707900000|  0%| F|  |TAMS 0x0000000707800000, 0x0000000707800000| Untracked 
| 121|0x0000000707900000, 0x0000000707900000, 0x0000000707a00000|  0%| F|  |TAMS 0x0000000707900000, 0x0000000707900000| Untracked 
| 122|0x0000000707a00000, 0x0000000707a00000, 0x0000000707b00000|  0%| F|  |TAMS 0x0000000707a00000, 0x0000000707a00000| Untracked 
| 123|0x0000000707b00000, 0x0000000707b00000, 0x0000000707c00000|  0%| F|  |TAMS 0x0000000707b00000, 0x0000000707b00000| Untracked 
| 124|0x0000000707c00000, 0x0000000707c00000, 0x0000000707d00000|  0%| F|  |TAMS 0x0000000707c00000, 0x0000000707c00000| Untracked 
| 125|0x0000000707d00000, 0x0000000707d00000, 0x0000000707e00000|  0%| F|  |TAMS 0x0000000707d00000, 0x0000000707d00000| Untracked 
| 126|0x0000000707e00000, 0x0000000707e00000, 0x0000000707f00000|  0%| F|  |TAMS 0x0000000707e00000, 0x0000000707e00000| Untracked 
| 127|0x0000000707f00000, 0x0000000707f00000, 0x0000000708000000|  0%| F|  |TAMS 0x0000000707f00000, 0x0000000707f00000| Untracked 
| 128|0x0000000708000000, 0x0000000708000000, 0x0000000708100000|  0%| F|  |TAMS 0x0000000708000000, 0x0000000708000000| Untracked 
| 129|0x0000000708100000, 0x0000000708100000, 0x0000000708200000|  0%| F|  |TAMS 0x0000000708100000, 0x0000000708100000| Untracked 
| 130|0x0000000708200000, 0x0000000708200000, 0x0000000708300000|  0%| F|  |TAMS 0x0000000708200000, 0x0000000708200000| Untracked 
| 131|0x0000000708300000, 0x0000000708300000, 0x0000000708400000|  0%| F|  |TAMS 0x0000000708300000, 0x0000000708300000| Untracked 
| 132|0x0000000708400000, 0x0000000708400000, 0x0000000708500000|  0%| F|  |TAMS 0x0000000708400000, 0x0000000708400000| Untracked 
| 133|0x0000000708500000, 0x0000000708500000, 0x0000000708600000|  0%| F|  |TAMS 0x0000000708500000, 0x0000000708500000| Untracked 
| 134|0x0000000708600000, 0x0000000708600000, 0x0000000708700000|  0%| F|  |TAMS 0x0000000708600000, 0x0000000708600000| Untracked 
| 135|0x0000000708700000, 0x0000000708700000, 0x0000000708800000|  0%| F|  |TAMS 0x0000000708700000, 0x0000000708700000| Untracked 
| 136|0x0000000708800000, 0x0000000708800000, 0x0000000708900000|  0%| F|  |TAMS 0x0000000708800000, 0x0000000708800000| Untracked 
| 137|0x0000000708900000, 0x0000000708900000, 0x0000000708a00000|  0%| F|  |TAMS 0x0000000708900000, 0x0000000708900000| Untracked 
| 138|0x0000000708a00000, 0x0000000708a00000, 0x0000000708b00000|  0%| F|  |TAMS 0x0000000708a00000, 0x0000000708a00000| Untracked 
| 139|0x0000000708b00000, 0x0000000708b00000, 0x0000000708c00000|  0%| F|  |TAMS 0x0000000708b00000, 0x0000000708b00000| Untracked 
| 140|0x0000000708c00000, 0x0000000708c00000, 0x0000000708d00000|  0%| F|  |TAMS 0x0000000708c00000, 0x0000000708c00000| Untracked 
| 141|0x0000000708d00000, 0x0000000708d00000, 0x0000000708e00000|  0%| F|  |TAMS 0x0000000708d00000, 0x0000000708d00000| Untracked 
| 142|0x0000000708e00000, 0x0000000708e00000, 0x0000000708f00000|  0%| F|  |TAMS 0x0000000708e00000, 0x0000000708e00000| Untracked 
| 143|0x0000000708f00000, 0x0000000708f00000, 0x0000000709000000|  0%| F|  |TAMS 0x0000000708f00000, 0x0000000708f00000| Untracked 
| 144|0x0000000709000000, 0x0000000709000000, 0x0000000709100000|  0%| F|  |TAMS 0x0000000709000000, 0x0000000709000000| Untracked 
| 145|0x0000000709100000, 0x0000000709100000, 0x0000000709200000|  0%| F|  |TAMS 0x0000000709100000, 0x0000000709100000| Untracked 
| 146|0x0000000709200000, 0x0000000709200000, 0x0000000709300000|  0%| F|  |TAMS 0x0000000709200000, 0x0000000709200000| Untracked 
| 147|0x0000000709300000, 0x0000000709300000, 0x0000000709400000|  0%| F|  |TAMS 0x0000000709300000, 0x0000000709300000| Untracked 
| 148|0x0000000709400000, 0x0000000709400000, 0x0000000709500000|  0%| F|  |TAMS 0x0000000709400000, 0x0000000709400000| Untracked 
| 149|0x0000000709500000, 0x0000000709500000, 0x0000000709600000|  0%| F|  |TAMS 0x0000000709500000, 0x0000000709500000| Untracked 
| 150|0x0000000709600000, 0x0000000709600000, 0x0000000709700000|  0%| F|  |TAMS 0x0000000709600000, 0x0000000709600000| Untracked 
| 151|0x0000000709700000, 0x0000000709700000, 0x0000000709800000|  0%| F|  |TAMS 0x0000000709700000, 0x0000000709700000| Untracked 
| 152|0x0000000709800000, 0x0000000709800000, 0x0000000709900000|  0%| F|  |TAMS 0x0000000709800000, 0x0000000709800000| Untracked 
| 153|0x0000000709900000, 0x0000000709900000, 0x0000000709a00000|  0%| F|  |TAMS 0x0000000709900000, 0x0000000709900000| Untracked 
| 154|0x0000000709a00000, 0x0000000709a00000, 0x0000000709b00000|  0%| F|  |TAMS 0x0000000709a00000, 0x0000000709a00000| Untracked 
| 155|0x0000000709b00000, 0x0000000709b00000, 0x0000000709c00000|  0%| F|  |TAMS 0x0000000709b00000, 0x0000000709b00000| Untracked 
| 156|0x0000000709c00000, 0x0000000709c00000, 0x0000000709d00000|  0%| F|  |TAMS 0x0000000709c00000, 0x0000000709c00000| Untracked 
| 157|0x0000000709d00000, 0x0000000709d00000, 0x0000000709e00000|  0%| F|  |TAMS 0x0000000709d00000, 0x0000000709d00000| Untracked 
| 158|0x0000000709e00000, 0x0000000709e00000, 0x0000000709f00000|  0%| F|  |TAMS 0x0000000709e00000, 0x0000000709e00000| Untracked 
| 159|0x0000000709f00000, 0x0000000709f00000, 0x000000070a000000|  0%| F|  |TAMS 0x0000000709f00000, 0x0000000709f00000| Untracked 
| 160|0x000000070a000000, 0x000000070a000000, 0x000000070a100000|  0%| F|  |TAMS 0x000000070a000000, 0x000000070a000000| Untracked 
| 161|0x000000070a100000, 0x000000070a100000, 0x000000070a200000|  0%| F|  |TAMS 0x000000070a100000, 0x000000070a100000| Untracked 
| 162|0x000000070a200000, 0x000000070a200000, 0x000000070a300000|  0%| F|  |TAMS 0x000000070a200000, 0x000000070a200000| Untracked 
| 163|0x000000070a300000, 0x000000070a300000, 0x000000070a400000|  0%| F|  |TAMS 0x000000070a300000, 0x000000070a300000| Untracked 
| 164|0x000000070a400000, 0x000000070a400000, 0x000000070a500000|  0%| F|  |TAMS 0x000000070a400000, 0x000000070a400000| Untracked 
| 165|0x000000070a500000, 0x000000070a500000, 0x000000070a600000|  0%| F|  |TAMS 0x000000070a500000, 0x000000070a500000| Untracked 
| 166|0x000000070a600000, 0x000000070a600000, 0x000000070a700000|  0%| F|  |TAMS 0x000000070a600000, 0x000000070a600000| Untracked 
| 167|0x000000070a700000, 0x000000070a700000, 0x000000070a800000|  0%| F|  |TAMS 0x000000070a700000, 0x000000070a700000| Untracked 
| 168|0x000000070a800000, 0x000000070a800000, 0x000000070a900000|  0%| F|  |TAMS 0x000000070a800000, 0x000000070a800000| Untracked 
| 169|0x000000070a900000, 0x000000070a900000, 0x000000070aa00000|  0%| F|  |TAMS 0x000000070a900000, 0x000000070a900000| Untracked 
| 170|0x000000070aa00000, 0x000000070aa00000, 0x000000070ab00000|  0%| F|  |TAMS 0x000000070aa00000, 0x000000070aa00000| Untracked 
| 171|0x000000070ab00000, 0x000000070ab00000, 0x000000070ac00000|  0%| F|  |TAMS 0x000000070ab00000, 0x000000070ab00000| Untracked 
| 172|0x000000070ac00000, 0x000000070ac00000, 0x000000070ad00000|  0%| F|  |TAMS 0x000000070ac00000, 0x000000070ac00000| Untracked 
| 173|0x000000070ad00000, 0x000000070ad00000, 0x000000070ae00000|  0%| F|  |TAMS 0x000000070ad00000, 0x000000070ad00000| Untracked 
| 174|0x000000070ae00000, 0x000000070ae00000, 0x000000070af00000|  0%| F|  |TAMS 0x000000070ae00000, 0x000000070ae00000| Untracked 
| 175|0x000000070af00000, 0x000000070af00000, 0x000000070b000000|  0%| F|  |TAMS 0x000000070af00000, 0x000000070af00000| Untracked 
| 176|0x000000070b000000, 0x000000070b000000, 0x000000070b100000|  0%| F|  |TAMS 0x000000070b000000, 0x000000070b000000| Untracked 
| 177|0x000000070b100000, 0x000000070b100000, 0x000000070b200000|  0%| F|  |TAMS 0x000000070b100000, 0x000000070b100000| Untracked 
| 178|0x000000070b200000, 0x000000070b200000, 0x000000070b300000|  0%| F|  |TAMS 0x000000070b200000, 0x000000070b200000| Untracked 
| 179|0x000000070b300000, 0x000000070b300000, 0x000000070b400000|  0%| F|  |TAMS 0x000000070b300000, 0x000000070b300000| Untracked 
| 180|0x000000070b400000, 0x000000070b400000, 0x000000070b500000|  0%| F|  |TAMS 0x000000070b400000, 0x000000070b400000| Untracked 
| 181|0x000000070b500000, 0x000000070b500000, 0x000000070b600000|  0%| F|  |TAMS 0x000000070b500000, 0x000000070b500000| Untracked 
| 182|0x000000070b600000, 0x000000070b600000, 0x000000070b700000|  0%| F|  |TAMS 0x000000070b600000, 0x000000070b600000| Untracked 
| 183|0x000000070b700000, 0x000000070b700000, 0x000000070b800000|  0%| F|  |TAMS 0x000000070b700000, 0x000000070b700000| Untracked 
| 184|0x000000070b800000, 0x000000070b800000, 0x000000070b900000|  0%| F|  |TAMS 0x000000070b800000, 0x000000070b800000| Untracked 
| 185|0x000000070b900000, 0x000000070b900000, 0x000000070ba00000|  0%| F|  |TAMS 0x000000070b900000, 0x000000070b900000| Untracked 
| 186|0x000000070ba00000, 0x000000070ba00000, 0x000000070bb00000|  0%| F|  |TAMS 0x000000070ba00000, 0x000000070ba00000| Untracked 
| 187|0x000000070bb00000, 0x000000070bb00000, 0x000000070bc00000|  0%| F|  |TAMS 0x000000070bb00000, 0x000000070bb00000| Untracked 
| 188|0x000000070bc00000, 0x000000070bc00000, 0x000000070bd00000|  0%| F|  |TAMS 0x000000070bc00000, 0x000000070bc00000| Untracked 
| 189|0x000000070bd00000, 0x000000070bd00000, 0x000000070be00000|  0%| F|  |TAMS 0x000000070bd00000, 0x000000070bd00000| Untracked 
| 190|0x000000070be00000, 0x000000070be00000, 0x000000070bf00000|  0%| F|  |TAMS 0x000000070be00000, 0x000000070be00000| Untracked 
| 191|0x000000070bf00000, 0x000000070bf00000, 0x000000070c000000|  0%| F|  |TAMS 0x000000070bf00000, 0x000000070bf00000| Untracked 
| 192|0x000000070c000000, 0x000000070c000000, 0x000000070c100000|  0%| F|  |TAMS 0x000000070c000000, 0x000000070c000000| Untracked 
| 193|0x000000070c100000, 0x000000070c100000, 0x000000070c200000|  0%| F|  |TAMS 0x000000070c100000, 0x000000070c100000| Untracked 
| 194|0x000000070c200000, 0x000000070c200000, 0x000000070c300000|  0%| F|  |TAMS 0x000000070c200000, 0x000000070c200000| Untracked 
| 195|0x000000070c300000, 0x000000070c300000, 0x000000070c400000|  0%| F|  |TAMS 0x000000070c300000, 0x000000070c300000| Untracked 
| 196|0x000000070c400000, 0x000000070c400000, 0x000000070c500000|  0%| F|  |TAMS 0x000000070c400000, 0x000000070c400000| Untracked 
| 197|0x000000070c500000, 0x000000070c500000, 0x000000070c600000|  0%| F|  |TAMS 0x000000070c500000, 0x000000070c500000| Untracked 
| 198|0x000000070c600000, 0x000000070c600000, 0x000000070c700000|  0%| F|  |TAMS 0x000000070c600000, 0x000000070c600000| Untracked 
| 199|0x000000070c700000, 0x000000070c700000, 0x000000070c800000|  0%| F|  |TAMS 0x000000070c700000, 0x000000070c700000| Untracked 
| 200|0x000000070c800000, 0x000000070c800000, 0x000000070c900000|  0%| F|  |TAMS 0x000000070c800000, 0x000000070c800000| Untracked 
| 201|0x000000070c900000, 0x000000070c900000, 0x000000070ca00000|  0%| F|  |TAMS 0x000000070c900000, 0x000000070c900000| Untracked 
| 202|0x000000070ca00000, 0x000000070ca00000, 0x000000070cb00000|  0%| F|  |TAMS 0x000000070ca00000, 0x000000070ca00000| Untracked 
| 203|0x000000070cb00000, 0x000000070cb00000, 0x000000070cc00000|  0%| F|  |TAMS 0x000000070cb00000, 0x000000070cb00000| Untracked 
| 204|0x000000070cc00000, 0x000000070cc00000, 0x000000070cd00000|  0%| F|  |TAMS 0x000000070cc00000, 0x000000070cc00000| Untracked 
| 205|0x000000070cd00000, 0x000000070cd00000, 0x000000070ce00000|  0%| F|  |TAMS 0x000000070cd00000, 0x000000070cd00000| Untracked 
| 206|0x000000070ce00000, 0x000000070ce00000, 0x000000070cf00000|  0%| F|  |TAMS 0x000000070ce00000, 0x000000070ce00000| Untracked 
| 207|0x000000070cf00000, 0x000000070cf00000, 0x000000070d000000|  0%| F|  |TAMS 0x000000070cf00000, 0x000000070cf00000| Untracked 
| 208|0x000000070d000000, 0x000000070d000000, 0x000000070d100000|  0%| F|  |TAMS 0x000000070d000000, 0x000000070d000000| Untracked 
| 209|0x000000070d100000, 0x000000070d100000, 0x000000070d200000|  0%| F|  |TAMS 0x000000070d100000, 0x000000070d100000| Untracked 
| 210|0x000000070d200000, 0x000000070d200000, 0x000000070d300000|  0%| F|  |TAMS 0x000000070d200000, 0x000000070d200000| Untracked 
| 211|0x000000070d300000, 0x000000070d300000, 0x000000070d400000|  0%| F|  |TAMS 0x000000070d300000, 0x000000070d300000| Untracked 
| 212|0x000000070d400000, 0x000000070d400000, 0x000000070d500000|  0%| F|  |TAMS 0x000000070d400000, 0x000000070d400000| Untracked 
| 213|0x000000070d500000, 0x000000070d500000, 0x000000070d600000|  0%| F|  |TAMS 0x000000070d500000, 0x000000070d500000| Untracked 
| 214|0x000000070d600000, 0x000000070d600000, 0x000000070d700000|  0%| F|  |TAMS 0x000000070d600000, 0x000000070d600000| Untracked 
| 215|0x000000070d700000, 0x000000070d700000, 0x000000070d800000|  0%| F|  |TAMS 0x000000070d700000, 0x000000070d700000| Untracked 
| 216|0x000000070d800000, 0x000000070d800000, 0x000000070d900000|  0%| F|  |TAMS 0x000000070d800000, 0x000000070d800000| Untracked 
| 217|0x000000070d900000, 0x000000070d900000, 0x000000070da00000|  0%| F|  |TAMS 0x000000070d900000, 0x000000070d900000| Untracked 
| 218|0x000000070da00000, 0x000000070da00000, 0x000000070db00000|  0%| F|  |TAMS 0x000000070da00000, 0x000000070da00000| Untracked 
| 219|0x000000070db00000, 0x000000070db00000, 0x000000070dc00000|  0%| F|  |TAMS 0x000000070db00000, 0x000000070db00000| Untracked 
| 220|0x000000070dc00000, 0x000000070dc00000, 0x000000070dd00000|  0%| F|  |TAMS 0x000000070dc00000, 0x000000070dc00000| Untracked 
| 221|0x000000070dd00000, 0x000000070dd00000, 0x000000070de00000|  0%| F|  |TAMS 0x000000070dd00000, 0x000000070dd00000| Untracked 
| 222|0x000000070de00000, 0x000000070de00000, 0x000000070df00000|  0%| F|  |TAMS 0x000000070de00000, 0x000000070de00000| Untracked 
| 223|0x000000070df00000, 0x000000070df00000, 0x000000070e000000|  0%| F|  |TAMS 0x000000070df00000, 0x000000070df00000| Untracked 
| 224|0x000000070e000000, 0x000000070e000000, 0x000000070e100000|  0%| F|  |TAMS 0x000000070e000000, 0x000000070e000000| Untracked 
| 225|0x000000070e100000, 0x000000070e100000, 0x000000070e200000|  0%| F|  |TAMS 0x000000070e100000, 0x000000070e100000| Untracked 
| 226|0x000000070e200000, 0x000000070e200000, 0x000000070e300000|  0%| F|  |TAMS 0x000000070e200000, 0x000000070e200000| Untracked 
| 227|0x000000070e300000, 0x000000070e300000, 0x000000070e400000|  0%| F|  |TAMS 0x000000070e300000, 0x000000070e300000| Untracked 
| 228|0x000000070e400000, 0x000000070e400000, 0x000000070e500000|  0%| F|  |TAMS 0x000000070e400000, 0x000000070e400000| Untracked 
| 229|0x000000070e500000, 0x000000070e500000, 0x000000070e600000|  0%| F|  |TAMS 0x000000070e500000, 0x000000070e500000| Untracked 
| 230|0x000000070e600000, 0x000000070e600000, 0x000000070e700000|  0%| F|  |TAMS 0x000000070e600000, 0x000000070e600000| Untracked 
| 231|0x000000070e700000, 0x000000070e700000, 0x000000070e800000|  0%| F|  |TAMS 0x000000070e700000, 0x000000070e700000| Untracked 
| 232|0x000000070e800000, 0x000000070e800000, 0x000000070e900000|  0%| F|  |TAMS 0x000000070e800000, 0x000000070e800000| Untracked 
| 233|0x000000070e900000, 0x000000070e900000, 0x000000070ea00000|  0%| F|  |TAMS 0x000000070e900000, 0x000000070e900000| Untracked 
| 234|0x000000070ea00000, 0x000000070ea00000, 0x000000070eb00000|  0%| F|  |TAMS 0x000000070ea00000, 0x000000070ea00000| Untracked 
| 235|0x000000070eb00000, 0x000000070eb00000, 0x000000070ec00000|  0%| F|  |TAMS 0x000000070eb00000, 0x000000070eb00000| Untracked 
| 236|0x000000070ec00000, 0x000000070ec00000, 0x000000070ed00000|  0%| F|  |TAMS 0x000000070ec00000, 0x000000070ec00000| Untracked 
| 237|0x000000070ed00000, 0x000000070ed00000, 0x000000070ee00000|  0%| F|  |TAMS 0x000000070ed00000, 0x000000070ed00000| Untracked 
| 238|0x000000070ee00000, 0x000000070ee00000, 0x000000070ef00000|  0%| F|  |TAMS 0x000000070ee00000, 0x000000070ee00000| Untracked 
| 239|0x000000070ef00000, 0x000000070ef00000, 0x000000070f000000|  0%| F|  |TAMS 0x000000070ef00000, 0x000000070ef00000| Untracked 
| 240|0x000000070f000000, 0x000000070f000000, 0x000000070f100000|  0%| F|  |TAMS 0x000000070f000000, 0x000000070f000000| Untracked 
| 241|0x000000070f100000, 0x000000070f100000, 0x000000070f200000|  0%| F|  |TAMS 0x000000070f100000, 0x000000070f100000| Untracked 
| 242|0x000000070f200000, 0x000000070f200000, 0x000000070f300000|  0%| F|  |TAMS 0x000000070f200000, 0x000000070f200000| Untracked 
| 243|0x000000070f300000, 0x000000070f300000, 0x000000070f400000|  0%| F|  |TAMS 0x000000070f300000, 0x000000070f300000| Untracked 
| 244|0x000000070f400000, 0x000000070f400000, 0x000000070f500000|  0%| F|  |TAMS 0x000000070f400000, 0x000000070f400000| Untracked 
| 245|0x000000070f500000, 0x000000070f500000, 0x000000070f600000|  0%| F|  |TAMS 0x000000070f500000, 0x000000070f500000| Untracked 
| 246|0x000000070f600000, 0x000000070f600000, 0x000000070f700000|  0%| F|  |TAMS 0x000000070f600000, 0x000000070f600000| Untracked 
| 247|0x000000070f700000, 0x000000070f700000, 0x000000070f800000|  0%| F|  |TAMS 0x000000070f700000, 0x000000070f700000| Untracked 
| 248|0x000000070f800000, 0x000000070f800000, 0x000000070f900000|  0%| F|  |TAMS 0x000000070f800000, 0x000000070f800000| Untracked 
| 249|0x000000070f900000, 0x000000070f900000, 0x000000070fa00000|  0%| F|  |TAMS 0x000000070f900000, 0x000000070f900000| Untracked 
| 250|0x000000070fa00000, 0x000000070fa00000, 0x000000070fb00000|  0%| F|  |TAMS 0x000000070fa00000, 0x000000070fa00000| Untracked 
| 251|0x000000070fb00000, 0x000000070fb00000, 0x000000070fc00000|  0%| F|  |TAMS 0x000000070fb00000, 0x000000070fb00000| Untracked 
| 252|0x000000070fc00000, 0x000000070fc00000, 0x000000070fd00000|  0%| F|  |TAMS 0x000000070fc00000, 0x000000070fc00000| Untracked 
| 253|0x000000070fd00000, 0x000000070fd00000, 0x000000070fe00000|  0%| F|  |TAMS 0x000000070fd00000, 0x000000070fd00000| Untracked 
| 254|0x000000070fe00000, 0x000000070fef69e8, 0x000000070ff00000| 96%| E|  |TAMS 0x000000070fe00000, 0x000000070fe00000| Complete 
| 255|0x000000070ff00000, 0x0000000710000000, 0x0000000710000000|100%| E|CS|TAMS 0x000000070ff00000, 0x000000070ff00000| Complete 

Card table byte_map: [0x0000000120577000,0x0000000120d77000] _byte_map_base: 0x000000011cd77000

Marking Bits (Prev, Next): (CMBitMap*) 0x00007fa032041250, (CMBitMap*) 0x00007fa032041218
 Prev Bits: [0x0000000125577000, 0x0000000129577000)
 Next Bits: [0x0000000121577000, 0x0000000125577000)

Polling page: 0x0000000106189000

Metaspace:

Usage:
  Non-class:     22.29 MB capacity,    21.96 MB ( 99%) used,   262.22 KB (  1%) free+waste,    72.19 KB ( <1%) overhead. 
      Class:      3.01 MB capacity,     2.74 MB ( 91%) used,   235.72 KB (  8%) free+waste,    36.44 KB (  1%) overhead. 
       Both:     25.30 MB capacity,    24.71 MB ( 98%) used,   497.94 KB (  2%) free+waste,   108.62 KB ( <1%) overhead. 

Virtual space:
  Non-class space:       24.00 MB reserved,      22.50 MB ( 94%) committed 
      Class space:        1.00 GB reserved,       3.12 MB ( <1%) committed 
             Both:        1.02 GB reserved,      25.62 MB (  2%) committed 

Chunk freelists:
   Non-Class:  15.50 KB
       Class:  2.62 KB
        Both:  18.12 KB

CodeHeap 'non-profiled nmethods': size=120032Kb used=3402Kb max_used=3407Kb free=116630Kb
 bounds [0x000000011803f000, 0x000000011839f000, 0x000000011f577000]
CodeHeap 'profiled nmethods': size=120028Kb used=9880Kb max_used=9880Kb free=110147Kb
 bounds [0x0000000110b08000, 0x00000001114d8000, 0x000000011803f000]
CodeHeap 'non-nmethods': size=5700Kb used=1291Kb max_used=1340Kb free=4409Kb
 bounds [0x0000000110577000, 0x00000001107e7000, 0x0000000110b08000]
 total_blobs=7653 nmethods=4566 adapters=617
 compilation: enabled
              stopped_count=0, restarted_count=0
 full_count=0

Compilation events (10 events):
Event: 149017.897 Thread 0x00007fa03210f000 5352       2       java.util.IdentityHashMap::unmaskNull (13 bytes)
Event: 149017.897 Thread 0x00007fa03210f000 nmethod 5352 0x0000000110d6c710 code [0x0000000110d6c8c0, 0x0000000110d6ca10]
Event: 149017.936 Thread 0x00007fa03210f000 5353       3       java.util.Hashtable::getEnumeration (22 bytes)
Event: 149017.936 Thread 0x00007fa03210f000 nmethod 5353 0x00000001110d7410 code [0x00000001110d75e0, 0x00000001110d78a8]
Event: 149017.968 Thread 0x00007fa033833800 nmethod 5348 0x00000001182f4d10 code [0x00000001182f5140, 0x00000001182f7338]
Event: 149017.968 Thread 0x00007fa033833800 5351       4       java.util.IdentityHashMap$KeyIterator::next (13 bytes)
Event: 149017.970 Thread 0x00007fa033833800 nmethod 5351 0x00000001182f4890 code [0x00000001182f4a40, 0x00000001182f4b58]
Event: 149017.971 Thread 0x00007fa03210f000 5354  s    3       sun.lwawt.macosx.LWCToolkit::getSunAwtDisableCALayers (31 bytes)
Event: 149017.972 Thread 0x00007fa03210f000 nmethod 5354 0x0000000111182510 code [0x0000000111182700, 0x0000000111182d88]
Event: 149017.982 Thread 0x00007fa033833800 5355   !   4       java.lang.ref.ReferenceQueue::remove (125 bytes)

GC Heap History (10 events):
Event: 1.951 GC heap before
{Heap before GC invocations=1 (full 0):
 garbage-first heap   total 262144K, used 8308K [0x0000000700000000, 0x0000000800000000)
  region size 1024K, 7 young (7168K), 3 survivors (3072K)
 Metaspace       used 20637K, capacity 21082K, committed 21248K, reserved 1067008K
  class space    used 2508K, capacity 2738K, committed 2816K, reserved 1048576K
}
Event: 1.955 GC heap after
{Heap after GC invocations=2 (full 0):
 garbage-first heap   total 262144K, used 5802K [0x0000000700000000, 0x0000000800000000)
  region size 1024K, 4 young (4096K), 4 survivors (4096K)
 Metaspace       used 20637K, capacity 21082K, committed 21248K, reserved 1067008K
  class space    used 2508K, capacity 2738K, committed 2816K, reserved 1048576K
}
Event: 275.650 GC heap before
{Heap before GC invocations=3 (full 0):
 garbage-first heap   total 262144K, used 26282K [0x0000000700000000, 0x0000000800000000)
  region size 1024K, 25 young (25600K), 4 survivors (4096K)
 Metaspace       used 23635K, capacity 24188K, committed 24576K, reserved 1071104K
  class space    used 2757K, capacity 3009K, committed 3072K, reserved 1048576K
}
Event: 275.657 GC heap after
{Heap after GC invocations=4 (full 0):
 garbage-first heap   total 262144K, used 12888K [0x0000000700000000, 0x0000000800000000)
  region size 1024K, 4 young (4096K), 4 survivors (4096K)
 Metaspace       used 23635K, capacity 24188K, committed 24576K, reserved 1071104K
  class space    used 2757K, capacity 3009K, committed 3072K, reserved 1048576K
}
Event: 1884.850 GC heap before
{Heap before GC invocations=4 (full 0):
 garbage-first heap   total 262144K, used 72280K [0x0000000700000000, 0x0000000800000000)
  region size 1024K, 63 young (64512K), 4 survivors (4096K)
 Metaspace       used 24276K, capacity 24890K, committed 25088K, reserved 1071104K
  class space    used 2764K, capacity 3044K, committed 3072K, reserved 1048576K
}
Event: 1884.855 GC heap after
{Heap after GC invocations=5 (full 0):
 garbage-first heap   total 262144K, used 18746K [0x0000000700000000, 0x0000000800000000)
  region size 1024K, 8 young (8192K), 8 survivors (8192K)
 Metaspace       used 24276K, capacity 24890K, committed 25088K, reserved 1071104K
  class space    used 2764K, capacity 3044K, committed 3072K, reserved 1048576K
}
Event: 4338.875 GC heap before
{Heap before GC invocations=5 (full 0):
 garbage-first heap   total 262144K, used 139578K [0x0000000700000000, 0x0000000800000000)
  region size 1024K, 126 young (129024K), 8 survivors (8192K)
 Metaspace       used 24971K, capacity 25581K, committed 25984K, reserved 1073152K
  class space    used 2806K, capacity 3082K, committed 3200K, reserved 1048576K
}
Event: 4338.882 GC heap after
{Heap after GC invocations=6 (full 0):
 garbage-first heap   total 262144K, used 21046K [0x0000000700000000, 0x0000000800000000)
  region size 1024K, 11 young (11264K), 11 survivors (11264K)
 Metaspace       used 24971K, capacity 25581K, committed 25984K, reserved 1073152K
  class space    used 2806K, capacity 3082K, committed 3200K, reserved 1048576K
}
Event: 149017.940 GC heap before
{Heap before GC invocations=6 (full 0):
 garbage-first heap   total 262144K, used 177718K [0x0000000700000000, 0x0000000800000000)
  region size 1024K, 153 young (156672K), 11 survivors (11264K)
 Metaspace       used 25299K, capacity 25907K, committed 26240K, reserved 1073152K
  class space    used 2810K, capacity 3083K, committed 3200K, reserved 1048576K
}
Event: 149017.967 GC heap after
{Heap after GC invocations=7 (full 0):
 garbage-first heap   total 262144K, used 32496K [0x0000000700000000, 0x0000000800000000)
  region size 1024K, 10 young (10240K), 10 survivors (10240K)
 Metaspace       used 25299K, capacity 25907K, committed 26240K, reserved 1073152K
  class space    used 2810K, capacity 3083K, committed 3200K, reserved 1048576K
}

Deoptimization events (10 events):
Event: 148812.206 Thread 0x00007fa032813000 Uncommon trap: reason=unstable_if action=reinterpret pc=0x000000011827a51c method=java.awt.Component.processEvent(Ljava/awt/AWTEvent;)V @ 113 c2
Event: 148812.211 Thread 0x00007fa032813000 Uncommon trap: reason=unstable_if action=reinterpret pc=0x00000001181ae64c method=java.util.LinkedList.clone()Ljava/lang/Object; @ 31 c2
Event: 148813.691 Thread 0x00007fa03390d000 Uncommon trap: reason=unstable_if action=reinterpret pc=0x00000001182cf658 method=sun.lwawt.macosx.NSEvent.isPopupTrigger(I)Z @ 33 c2
Event: 148823.755 Thread 0x00007fa032813000 Uncommon trap: reason=unstable_if action=reinterpret pc=0x00000001181b3998 method=javax.swing.JLabel.setHorizontalAlignment(I)V @ 5 c2
Event: 148824.601 Thread 0x00007fa032813000 Uncommon trap: reason=bimorphic_or_optimized_type_check action=maybe_recompile pc=0x000000011823af80 method=java.awt.Container.findComponentAt(IIZ)Ljava/awt/Component; @ 9 c2
Event: 148824.601 Thread 0x00007fa032813000 Uncommon trap: reason=unstable_if action=reinterpret pc=0x00000001181a1d60 method=java.awt.LightweightDispatcher.dispatchEvent(Ljava/awt/AWTEvent;)Z @ 40 c2
Event: 148824.602 Thread 0x00007fa032813000 Uncommon trap: reason=bimorphic_or_optimized_type_check action=maybe_recompile pc=0x000000011823af80 method=java.awt.Container.findComponentAt(IIZ)Ljava/awt/Component; @ 9 c2
Event: 148824.602 Thread 0x00007fa032813000 Uncommon trap: reason=bimorphic_or_optimized_type_check action=maybe_recompile pc=0x000000011823af80 method=java.awt.Container.findComponentAt(IIZ)Ljava/awt/Component; @ 9 c2
Event: 148824.603 Thread 0x00007fa032813000 Uncommon trap: reason=bimorphic_or_optimized_type_check action=maybe_recompile pc=0x000000011823af80 method=java.awt.Container.findComponentAt(IIZ)Ljava/awt/Component; @ 9 c2
Event: 149017.968 Thread 0x00007fa032813000 Uncommon trap: reason=unstable_if action=reinterpret pc=0x00000001182d2bc8 method=sun.java2d.pipe.BufferedContext.validate(Lsun/java2d/pipe/hw/AccelSurface;Lsun/java2d/pipe/hw/AccelSurface;Lsun/java2d/pipe/Region;Ljava/awt/Composite;Ljava/awt/geom/AffineT

Classes redefined (0 events):
No events

Internal exceptions (10 events):
Event: 4336.994 Thread 0x00007fa032813000 Exception <a 'java/io/FileNotFoundException'{0x00000007084d5808}> (0x00000007084d5808) thrown at [/scratch/mesos/slaves/07fc96ef-bf4d-487f-b22f-a84e49f5f44a-S15534/frameworks/1735e8a2-a1db-478c-8104-60c8b0af87dd-0196/executors/2de9a231-452d-4727-8e0d-602c
Event: 4337.048 Thread 0x00007fa032813000 Exception <a 'java/io/FileNotFoundException'{0x00000007084d6068}> (0x00000007084d6068) thrown at [/scratch/mesos/slaves/07fc96ef-bf4d-487f-b22f-a84e49f5f44a-S15534/frameworks/1735e8a2-a1db-478c-8104-60c8b0af87dd-0196/executors/2de9a231-452d-4727-8e0d-602c
Event: 4364.601 Thread 0x00007fa032813000 Exception <a 'java/io/FileNotFoundException'{0x000000070c63fe18}> (0x000000070c63fe18) thrown at [/scratch/mesos/slaves/07fc96ef-bf4d-487f-b22f-a84e49f5f44a-S15534/frameworks/1735e8a2-a1db-478c-8104-60c8b0af87dd-0196/executors/2de9a231-452d-4727-8e0d-602c
Event: 4364.652 Thread 0x00007fa032813000 Exception <a 'java/io/FileNotFoundException'{0x000000070c640678}> (0x000000070c640678) thrown at [/scratch/mesos/slaves/07fc96ef-bf4d-487f-b22f-a84e49f5f44a-S15534/frameworks/1735e8a2-a1db-478c-8104-60c8b0af87dd-0196/executors/2de9a231-452d-4727-8e0d-602c
Event: 4674.501 Thread 0x00007fa032813000 Exception <a 'java/io/FileNotFoundException'{0x000000070b5b7180}> (0x000000070b5b7180) thrown at [/scratch/mesos/slaves/07fc96ef-bf4d-487f-b22f-a84e49f5f44a-S15534/frameworks/1735e8a2-a1db-478c-8104-60c8b0af87dd-0196/executors/2de9a231-452d-4727-8e0d-602c
Event: 4674.556 Thread 0x00007fa032813000 Exception <a 'java/io/FileNotFoundException'{0x000000070b5b79e0}> (0x000000070b5b79e0) thrown at [/scratch/mesos/slaves/07fc96ef-bf4d-487f-b22f-a84e49f5f44a-S15534/frameworks/1735e8a2-a1db-478c-8104-60c8b0af87dd-0196/executors/2de9a231-452d-4727-8e0d-602c
Event: 4678.283 Thread 0x00007fa032813000 Exception <a 'java/io/FileNotFoundException'{0x000000070ae26348}> (0x000000070ae26348) thrown at [/scratch/mesos/slaves/07fc96ef-bf4d-487f-b22f-a84e49f5f44a-S15534/frameworks/1735e8a2-a1db-478c-8104-60c8b0af87dd-0196/executors/2de9a231-452d-4727-8e0d-602c
Event: 4678.338 Thread 0x00007fa032813000 Exception <a 'java/io/FileNotFoundException'{0x000000070ae26ba8}> (0x000000070ae26ba8) thrown at [/scratch/mesos/slaves/07fc96ef-bf4d-487f-b22f-a84e49f5f44a-S15534/frameworks/1735e8a2-a1db-478c-8104-60c8b0af87dd-0196/executors/2de9a231-452d-4727-8e0d-602c
Event: 80321.047 Thread 0x00007fa03390d000 Implicit null exception at 0x0000000118160935 to 0x0000000118162a86
Event: 149017.968 Thread 0x00007fa032813000 Implicit null exception at 0x00000001182d0a5c to 0x00000001182d2b8e

Events (10 events):
Event: 149017.748 Thread 0x00007fa0323a8800 Thread added: 0x00007fa0323a8800
Event: 149017.888 Thread 0x00007fa0326d4000 Thread added: 0x00007fa0326d4000
Event: 149017.892 Thread 0x00007fa0326d4000 Thread exited: 0x00007fa0326d4000
Event: 149017.919 Executing VM operation: BulkRevokeBias
Event: 149017.919 Executing VM operation: BulkRevokeBias done
Event: 149017.939 Executing VM operation: G1CollectForAllocation
Event: 149017.967 Executing VM operation: G1CollectForAllocation done
Event: 149017.968 Thread 0x00007fa032813000 Uncommon trap: trap_request=0xffffff4d fr.pc=0x00000001182d2bc8 relative=0x0000000000002468
Event: 149017.968 Thread 0x00007fa032813000 DEOPT PACKING pc=0x00000001182d2bc8 sp=0x000070000f32bd20
Event: 149017.968 Thread 0x00007fa032813000 DEOPT UNPACKING pc=0x000000011059f9a5 sp=0x000070000f32bcb8 mode 2


Dynamic libraries:
0x00007fff2e182000 	/System/Library/Frameworks/Cocoa.framework/Versions/A/Cocoa
0x00007fff3a79b000 	/System/Library/Frameworks/Security.framework/Versions/A/Security
0x00007fff2cdc4000 	/System/Library/Frameworks/ApplicationServices.framework/Versions/A/ApplicationServices
0x00007fff566c5000 	/usr/lib/libz.1.dylib
0x00007fff545f6000 	/usr/lib/libSystem.B.dylib
0x00007fff2e935000 	/System/Library/Frameworks/CoreFoundation.framework/Versions/A/CoreFoundation
0x00007fff30a96000 	/System/Library/Frameworks/Foundation.framework/Versions/C/Foundation
0x00007fff55caf000 	/usr/lib/libobjc.A.dylib
0x00007fff2bf14000 	/System/Library/Frameworks/AppKit.framework/Versions/C/AppKit
0x00007fff2e4fa000 	/System/Library/Frameworks/CoreData.framework/Versions/A/CoreData
0x00007fff4deb4000 	/System/Library/PrivateFrameworks/RemoteViewServices.framework/Versions/A/RemoteViewServices
0x00007fff52628000 	/System/Library/PrivateFrameworks/UIFoundation.framework/Versions/A/UIFoundation
0x00007fff42cb0000 	/System/Library/PrivateFrameworks/DFRFoundation.framework/Versions/A/DFRFoundation
0x00007fff33102000 	/System/Library/Frameworks/Metal.framework/Versions/A/Metal
0x00007fff42e4d000 	/System/Library/PrivateFrameworks/DesktopServicesPriv.framework/Versions/A/DesktopServicesPriv
0x00007fff551fc000 	/usr/lib/libenergytrace.dylib
0x00007fff50694000 	/System/Library/PrivateFrameworks/SkyLight.framework/Versions/A/SkyLight
0x00007fff2edd8000 	/System/Library/Frameworks/CoreGraphics.framework/Versions/A/CoreGraphics
0x00007fff545f1000 	/usr/lib/libScreenReader.dylib
0x00007fff2aeae000 	/System/Library/Frameworks/Accelerate.framework/Versions/A/Accelerate
0x00007fff31210000 	/System/Library/Frameworks/IOSurface.framework/Versions/A/IOSurface
0x00007fff2d30e000 	/System/Library/Frameworks/AudioToolbox.framework/Versions/A/AudioToolbox
0x00007fff2d59e000 	/System/Library/Frameworks/AudioUnit.framework/Versions/A/AudioUnit
0x00007fff42d48000 	/System/Library/PrivateFrameworks/DataDetectorsCore.framework/Versions/A/DataDetectorsCore
0x00007fff2dc75000 	/System/Library/Frameworks/Carbon.framework/Versions/A/Frameworks/HIToolbox.framework/Versions/A/HIToolbox
0x00007fff55356000 	/usr/lib/libicucore.A.dylib
0x00007fff39d1a000 	/System/Library/Frameworks/QuartzCore.framework/Versions/A/QuartzCore
0x00007fff4f936000 	/System/Library/PrivateFrameworks/SignpostNotification.framework/Versions/A/SignpostNotification
0x00007fff2e05b000 	/System/Library/Frameworks/Carbon.framework/Versions/A/Frameworks/SpeechRecognition.framework/Versions/A/SpeechRecognition
0x00007fff54752000 	/usr/lib/libauto.dylib
0x00007fff565b4000 	/usr/lib/libxml2.2.dylib
0x00007fff42900000 	/System/Library/PrivateFrameworks/CoreUI.framework/Versions/A/CoreUI
0x00007fff2e3d6000 	/System/Library/Frameworks/CoreAudio.framework/Versions/A/CoreAudio
0x00007fff308d0000 	/System/Library/Frameworks/DiskArbitration.framework/Versions/A/DiskArbitration
0x00007fff555ca000 	/usr/lib/liblangid.dylib
0x00007fff4a3bb000 	/System/Library/PrivateFrameworks/MultitouchSupport.framework/Versions/A/MultitouchSupport
0x00007fff31173000 	/System/Library/Frameworks/IOKit.framework/Versions/A/IOKit
0x00007fff54280000 	/usr/lib/libDiagnosticMessagesClient.dylib
0x00007fff2faae000 	/System/Library/Frameworks/CoreServices.framework/Versions/A/CoreServices
0x00007fff4beec000 	/System/Library/PrivateFrameworks/PerformanceAnalysis.framework/Versions/A/PerformanceAnalysis
0x00007fff38ebc000 	/System/Library/Frameworks/OpenGL.framework/Versions/A/OpenGL
0x00007fff2e190000 	/System/Library/Frameworks/ColorSync.framework/Versions/A/ColorSync
0x00007fff2f3ea000 	/System/Library/Frameworks/CoreImage.framework/Versions/A/CoreImage
0x00007fff3043e000 	/System/Library/Frameworks/CoreText.framework/Versions/A/CoreText
0x00007fff3126e000 	/System/Library/Frameworks/ImageIO.framework/Versions/A/ImageIO
0x00007fff3f5ac000 	/System/Library/PrivateFrameworks/Backup.framework/Versions/A/Backup
0x00007fff546a2000 	/usr/lib/libarchive.2.dylib
0x00007fff2d8c1000 	/System/Library/Frameworks/CFNetwork.framework/Versions/A/CFNetwork
0x00007fff3af2e000 	/System/Library/Frameworks/SystemConfiguration.framework/Versions/A/SystemConfiguration
0x00007fff541a9000 	/usr/lib/libCRFSuite.dylib
0x00007fff5482b000 	/usr/lib/libc++.1.dylib
0x00007fff54882000 	/usr/lib/libc++abi.dylib
0x00007fff56773000 	/usr/lib/system/libcache.dylib
0x00007fff56778000 	/usr/lib/system/libcommonCrypto.dylib
0x00007fff56783000 	/usr/lib/system/libcompiler_rt.dylib
0x00007fff5678b000 	/usr/lib/system/libcopyfile.dylib
0x00007fff56795000 	/usr/lib/system/libcorecrypto.dylib
0x00007fff568a2000 	/usr/lib/system/libdispatch.dylib
0x00007fff568dc000 	/usr/lib/system/libdyld.dylib
0x00007fff568fa000 	/usr/lib/system/libkeymgr.dylib
0x00007fff56908000 	/usr/lib/system/liblaunch.dylib
0x00007fff56909000 	/usr/lib/system/libmacho.dylib
0x00007fff5690e000 	/usr/lib/system/libquarantine.dylib
0x00007fff56911000 	/usr/lib/system/libremovefile.dylib
0x00007fff56913000 	/usr/lib/system/libsystem_asl.dylib
0x00007fff5692b000 	/usr/lib/system/libsystem_blocks.dylib
0x00007fff5692c000 	/usr/lib/system/libsystem_c.dylib
0x00007fff569b6000 	/usr/lib/system/libsystem_configuration.dylib
0x00007fff569ba000 	/usr/lib/system/libsystem_coreservices.dylib
0x00007fff569be000 	/usr/lib/system/libsystem_darwin.dylib
0x00007fff569c0000 	/usr/lib/system/libsystem_dnssd.dylib
0x00007fff569c7000 	/usr/lib/system/libsystem_info.dylib
0x00007fff56a38000 	/usr/lib/system/libsystem_m.dylib
0x00007fff56a84000 	/usr/lib/system/libsystem_malloc.dylib
0x00007fff56aa4000 	/usr/lib/system/libsystem_network.dylib
0x00007fff56bd5000 	/usr/lib/system/libsystem_networkextension.dylib
0x00007fff56be0000 	/usr/lib/system/libsystem_notify.dylib
0x00007fff56bfe000 	/usr/lib/system/libsystem_sandbox.dylib
0x00007fff56c02000 	/usr/lib/system/libsystem_secinit.dylib
0x00007fff56a11000 	/usr/lib/system/libsystem_kernel.dylib
0x00007fff56bea000 	/usr/lib/system/libsystem_platform.dylib
0x00007fff56bf2000 	/usr/lib/system/libsystem_pthread.dylib
0x00007fff56c04000 	/usr/lib/system/libsystem_symptoms.dylib
0x00007fff56c0c000 	/usr/lib/system/libsystem_trace.dylib
0x00007fff56c21000 	/usr/lib/system/libunwind.dylib
0x00007fff56c27000 	/usr/lib/system/libxpc.dylib
0x00007fff540bc000 	/usr/lib/closure/libclosured.dylib
0x00007fff5480c000 	/usr/lib/libbsm.0.dylib
0x00007fff568fb000 	/usr/lib/system/libkxld.dylib
0x00007fff544ba000 	/usr/lib/libOpenScriptingUtil.dylib
0x00007fff54b7b000 	/usr/lib/libcoretls.dylib
0x00007fff54b94000 	/usr/lib/libcoretls_cfhelpers.dylib
0x00007fff560b0000 	/usr/lib/libpam.2.dylib
0x00007fff561d7000 	/usr/lib/libsqlite3.dylib
0x00007fff565a3000 	/usr/lib/libxar.1.dylib
0x00007fff5481d000 	/usr/lib/libbz2.1.0.dylib
0x00007fff555cc000 	/usr/lib/liblzma.5.dylib
0x00007fff55aad000 	/usr/lib/libnetwork.dylib
0x00007fff5468b000 	/usr/lib/libapple_nghttp2.dylib
0x00007fff560b7000 	/usr/lib/libpcap.A.dylib
0x00007fff54753000 	/usr/lib/libboringssl.dylib
0x00007fff5653e000 	/usr/lib/libusrtcp.dylib
0x00007fff5468a000 	/usr/lib/libapple_crypto.dylib
0x00007fff2fe31000 	/System/Library/Frameworks/CoreServices.framework/Versions/A/Frameworks/FSEvents.framework/Versions/A/FSEvents
0x00007fff2fb24000 	/System/Library/Frameworks/CoreServices.framework/Versions/A/Frameworks/CarbonCore.framework/Versions/A/CarbonCore
0x00007fff2fff8000 	/System/Library/Frameworks/CoreServices.framework/Versions/A/Frameworks/Metadata.framework/Versions/A/Metadata
0x00007fff300a9000 	/System/Library/Frameworks/CoreServices.framework/Versions/A/Frameworks/OSServices.framework/Versions/A/OSServices
0x00007fff3010a000 	/System/Library/Frameworks/CoreServices.framework/Versions/A/Frameworks/SearchKit.framework/Versions/A/SearchKit
0x00007fff2faaf000 	/System/Library/Frameworks/CoreServices.framework/Versions/A/Frameworks/AE.framework/Versions/A/AE
0x00007fff2fe3a000 	/System/Library/Frameworks/CoreServices.framework/Versions/A/Frameworks/LaunchServices.framework/Versions/A/LaunchServices
0x00007fff2fdfc000 	/System/Library/Frameworks/CoreServices.framework/Versions/A/Frameworks/DictionaryServices.framework/Versions/A/DictionaryServices
0x00007fff30179000 	/System/Library/Frameworks/CoreServices.framework/Versions/A/Frameworks/SharedFileList.framework/Versions/A/SharedFileList
0x00007fff34338000 	/System/Library/Frameworks/NetFS.framework/Versions/A/NetFS
0x00007fff4a64c000 	/System/Library/PrivateFrameworks/NetAuth.framework/Versions/A/NetAuth
0x00007fff53f53000 	/System/Library/PrivateFrameworks/login.framework/Versions/A/Frameworks/loginsupport.framework/Versions/A/loginsupport
0x00007fff522a5000 	/System/Library/PrivateFrameworks/TCC.framework/Versions/A/TCC
0x00007fff556ad000 	/usr/lib/libmecabra.dylib
0x00007fff2cdc5000 	/System/Library/Frameworks/ApplicationServices.framework/Versions/A/Frameworks/ATS.framework/Versions/A/ATS
0x00007fff2d173000 	/System/Library/Frameworks/ApplicationServices.framework/Versions/A/Frameworks/ColorSyncLegacy.framework/Versions/A/ColorSyncLegacy
0x00007fff2d217000 	/System/Library/Frameworks/ApplicationServices.framework/Versions/A/Frameworks/HIServices.framework/Versions/A/HIServices
0x00007fff2d26a000 	/System/Library/Frameworks/ApplicationServices.framework/Versions/A/Frameworks/LangAnalysis.framework/Versions/A/LangAnalysis
0x00007fff2d279000 	/System/Library/Frameworks/ApplicationServices.framework/Versions/A/Frameworks/PrintCore.framework/Versions/A/PrintCore
0x00007fff2d2c6000 	/System/Library/Frameworks/ApplicationServices.framework/Versions/A/Frameworks/QD.framework/Versions/A/QD
0x00007fff2d301000 	/System/Library/Frameworks/ApplicationServices.framework/Versions/A/Frameworks/SpeechSynthesis.framework/Versions/A/SpeechSynthesis
0x00007fff2e851000 	/System/Library/Frameworks/CoreDisplay.framework/Versions/A/CoreDisplay
0x00007fff2aec6000 	/System/Library/Frameworks/Accelerate.framework/Versions/A/Frameworks/vImage.framework/Versions/A/vImage
0x00007fff2bc20000 	/System/Library/Frameworks/Accelerate.framework/Versions/A/Frameworks/vecLib.framework/Versions/A/vecLib
0x00007fff2b9c0000 	/System/Library/Frameworks/Accelerate.framework/Versions/A/Frameworks/vecLib.framework/Versions/A/libvDSP.dylib
0x00007fff2b520000 	/System/Library/Frameworks/Accelerate.framework/Versions/A/Frameworks/vecLib.framework/Versions/A/libBNNS.dylib
0x00007fff2b925000 	/System/Library/Frameworks/Accelerate.framework/Versions/A/Frameworks/vecLib.framework/Versions/A/libQuadrature.dylib
0x00007fff2bb6e000 	/System/Library/Frameworks/Accelerate.framework/Versions/A/Frameworks/vecLib.framework/Versions/A/libvMisc.dylib
0x00007fff2b54f000 	/System/Library/Frameworks/Accelerate.framework/Versions/A/Frameworks/vecLib.framework/Versions/A/libLAPACK.dylib
0x00007fff2b3c5000 	/System/Library/Frameworks/Accelerate.framework/Versions/A/Frameworks/vecLib.framework/Versions/A/libBLAS.dylib
0x00007fff2b90f000 	/System/Library/Frameworks/Accelerate.framework/Versions/A/Frameworks/vecLib.framework/Versions/A/libLinearAlgebra.dylib
0x00007fff2b92b000 	/System/Library/Frameworks/Accelerate.framework/Versions/A/Frameworks/vecLib.framework/Versions/A/libSparse.dylib
0x00007fff2b9ac000 	/System/Library/Frameworks/Accelerate.framework/Versions/A/Frameworks/vecLib.framework/Versions/A/libSparseBLAS.dylib
0x00007fff4748c000 	/System/Library/PrivateFrameworks/GPUWrangler.framework/Versions/A/GPUWrangler
0x00007fff48c1d000 	/System/Library/PrivateFrameworks/IOAccelerator.framework/Versions/A/IOAccelerator
0x00007fff48c28000 	/System/Library/PrivateFrameworks/IOPresentment.framework/Versions/A/IOPresentment
0x00007fff42cc2000 	/System/Library/PrivateFrameworks/DSExternalDisplay.framework/Versions/A/DSExternalDisplay
0x00007fff3833b000 	/System/Library/Frameworks/OpenGL.framework/Versions/A/Libraries/libCoreFSCache.dylib
0x00007fff3058f000 	/System/Library/Frameworks/CoreVideo.framework/Versions/A/CoreVideo
0x00007fff48207000 	/System/Library/PrivateFrameworks/GraphVisualizer.framework/Versions/A/GraphVisualizer
0x00007fff33339000 	/System/Library/Frameworks/MetalPerformanceShaders.framework/Versions/A/MetalPerformanceShaders
0x00007fff542b8000 	/usr/lib/libFosl_dynamic.dylib
0x00007fff43d96000 	/System/Library/PrivateFrameworks/FaceCore.framework/Versions/A/FaceCore
0x00007fff37136000 	/System/Library/Frameworks/OpenCL.framework/Versions/A/OpenCL
0x00007fff548b9000 	/usr/lib/libcompression.dylib
0x00007fff2cec4000 	/System/Library/Frameworks/ApplicationServices.framework/Versions/A/Frameworks/ATS.framework/Versions/A/Resources/libFontParser.dylib
0x00007fff2cfe7000 	/System/Library/Frameworks/ApplicationServices.framework/Versions/A/Frameworks/ATS.framework/Versions/A/Resources/libFontRegistry.dylib
0x00007fff314d6000 	/System/Library/Frameworks/ImageIO.framework/Versions/A/Resources/libJPEG.dylib
0x00007fff317ff000 	/System/Library/Frameworks/ImageIO.framework/Versions/A/Resources/libTIFF.dylib
0x00007fff317d5000 	/System/Library/Frameworks/ImageIO.framework/Versions/A/Resources/libPng.dylib
0x00007fff313e9000 	/System/Library/Frameworks/ImageIO.framework/Versions/A/Resources/libGIF.dylib
0x00007fff313ee000 	/System/Library/Frameworks/ImageIO.framework/Versions/A/Resources/libJP2.dylib
0x00007fff317fc000 	/System/Library/Frameworks/ImageIO.framework/Versions/A/Resources/libRadiance.dylib
0x00007fff3ecd6000 	/System/Library/PrivateFrameworks/AppleJPEG.framework/Versions/A/AppleJPEG
0x00007fff331a0000 	/System/Library/Frameworks/MetalPerformanceShaders.framework/Frameworks/MPSCore.framework/Versions/A/MPSCore
0x00007fff331bc000 	/System/Library/Frameworks/MetalPerformanceShaders.framework/Frameworks/MPSImage.framework/Versions/A/MPSImage
0x00007fff33251000 	/System/Library/Frameworks/MetalPerformanceShaders.framework/Frameworks/MPSNeuralNetwork.framework/Versions/A/MPSNeuralNetwork
0x00007fff3322c000 	/System/Library/Frameworks/MetalPerformanceShaders.framework/Frameworks/MPSMatrix.framework/Versions/A/MPSMatrix
0x00007fff4a11e000 	/System/Library/PrivateFrameworks/MetalTools.framework/Versions/A/MetalTools
0x00007fff38506000 	/System/Library/Frameworks/OpenGL.framework/Versions/A/Libraries/libGLU.dylib
0x00007fff38346000 	/System/Library/Frameworks/OpenGL.framework/Versions/A/Libraries/libGFXShared.dylib
0x00007fff38350000 	/System/Library/Frameworks/OpenGL.framework/Versions/A/Libraries/libGL.dylib
0x00007fff3835c000 	/System/Library/Frameworks/OpenGL.framework/Versions/A/Libraries/libGLImage.dylib
0x00007fff38338000 	/System/Library/Frameworks/OpenGL.framework/Versions/A/Libraries/libCVMSPluginSupport.dylib
0x00007fff38341000 	/System/Library/Frameworks/OpenGL.framework/Versions/A/Libraries/libCoreVMClient.dylib
0x00007fff55066000 	/usr/lib/libcups.2.dylib
0x00007fff32707000 	/System/Library/Frameworks/Kerberos.framework/Versions/A/Kerberos
0x00007fff30ecd000 	/System/Library/Frameworks/GSS.framework/Versions/A/GSS
0x00007fff5616a000 	/usr/lib/libresolv.9.dylib
0x00007fff55264000 	/usr/lib/libiconv.2.dylib
0x00007fff48299000 	/System/Library/PrivateFrameworks/Heimdal.framework/Versions/A/Heimdal
0x00007fff55233000 	/usr/lib/libheimdal-asn1.dylib
0x00007fff371ae000 	/System/Library/Frameworks/OpenDirectory.framework/Versions/A/OpenDirectory
0x00007fff40fed000 	/System/Library/PrivateFrameworks/CommonAuth.framework/Versions/A/CommonAuth
0x00007fff37191000 	/System/Library/Frameworks/OpenDirectory.framework/Versions/A/Frameworks/CFOpenDirectory.framework/Versions/A/CFOpenDirectory
0x00007fff3aac7000 	/System/Library/Frameworks/SecurityFoundation.framework/Versions/A/SecurityFoundation
0x00007fff3de9b000 	/System/Library/PrivateFrameworks/APFS.framework/Versions/A/APFS
0x00007fff5659f000 	/usr/lib/libutil.dylib
0x00007fff3ed59000 	/System/Library/PrivateFrameworks/AppleSauce.framework/Versions/A/AppleSauce
0x00007fff49405000 	/System/Library/PrivateFrameworks/LinguisticData.framework/Versions/A/LinguisticData
0x00007fff555e6000 	/usr/lib/libmarisa.dylib
0x00007fff493bf000 	/System/Library/PrivateFrameworks/Lexicon.framework/Versions/A/Lexicon
0x00007fff541e3000 	/usr/lib/libChineseTokenizer.dylib
0x00007fff548a8000 	/usr/lib/libcmph.dylib
0x00007fff492c9000 	/System/Library/PrivateFrameworks/LanguageModeling.framework/Versions/A/LanguageModeling
0x00007fff41b0a000 	/System/Library/PrivateFrameworks/CoreEmoji.framework/Versions/A/CoreEmoji
0x00007fff3ab85000 	/System/Library/Frameworks/ServiceManagement.framework/Versions/A/ServiceManagement
0x00007fff3f5a4000 	/System/Library/PrivateFrameworks/BackgroundTaskManagement.framework/Versions/A/BackgroundTaskManagement
0x00007fff5669c000 	/usr/lib/libxslt.1.dylib
0x00007fff2df85000 	/System/Library/Frameworks/Carbon.framework/Versions/A/Frameworks/Ink.framework/Versions/A/Ink
0x00007fff524ba000 	/System/Library/PrivateFrameworks/TextureIO.framework/Versions/A/TextureIO
0x00007fff546cd000 	/usr/lib/libate.dylib
0x00007fff42c21000 	/System/Library/PrivateFrameworks/CrashReporterSupport.framework/Versions/A/CrashReporterSupport
0x00007fff4f7f6000 	/System/Library/PrivateFrameworks/Sharing.framework/Versions/A/Sharing
0x00007fff4900a000 	/System/Library/PrivateFrameworks/IconServices.framework/Versions/A/IconServices
0x00007fff3f1d4000 	/System/Library/PrivateFrameworks/AuthKit.framework/Versions/A/AuthKit
0x00007fff3eb59000 	/System/Library/PrivateFrameworks/Apple80211.framework/Versions/A/Apple80211
0x00007fff42a36000 	/System/Library/PrivateFrameworks/CoreUtils.framework/Versions/A/CoreUtils
0x00007fff305ca000 	/System/Library/Frameworks/CoreWLAN.framework/Versions/A/CoreWLAN
0x00007fff3100f000 	/System/Library/Frameworks/IOBluetooth.framework/Versions/A/IOBluetooth
0x00007fff4dcbb000 	/System/Library/PrivateFrameworks/ProtocolBuffer.framework/Versions/A/ProtocolBuffer
0x00007fff4a316000 	/System/Library/PrivateFrameworks/MobileKeyBag.framework/Versions/A/MobileKeyBag
0x00007fff422ae000 	/System/Library/PrivateFrameworks/CorePhoneNumbers.framework/Versions/A/CorePhoneNumbers
0x00007fff3ec91000 	/System/Library/PrivateFrameworks/AppleIDAuthSupport.framework/Versions/A/AppleIDAuthSupport
0x00007fff492b5000 	/System/Library/PrivateFrameworks/KeychainCircle.framework/Versions/A/KeychainCircle
0x00007fff42bbc000 	/System/Library/PrivateFrameworks/CoreWiFi.framework/Versions/A/CoreWiFi
0x00007fff2e4d0000 	/System/Library/Frameworks/CoreBluetooth.framework/Versions/A/CoreBluetooth
0x00007fff42e0c000 	/System/Library/PrivateFrameworks/DebugSymbols.framework/Versions/A/DebugSymbols
0x00007fff427ec000 	/System/Library/PrivateFrameworks/CoreSymbolication.framework/Versions/A/CoreSymbolication
0x00007fff51cac000 	/System/Library/PrivateFrameworks/Symbolication.framework/Versions/A/Symbolication
0x00007fff3eb83000 	/System/Library/PrivateFrameworks/AppleFSCompression.framework/Versions/A/AppleFSCompression
0x00007fff510f9000 	/System/Library/PrivateFrameworks/SpeechRecognitionCore.framework/Versions/A/SpeechRecognitionCore
0x0000000107200000 	/Library/Java/JavaVirtualMachines/openjdk-11.0.2.jdk/Contents/Home/lib/server/libjvm.dylib
0x000000010614f000 	/Library/Java/JavaVirtualMachines/openjdk-11.0.2.jdk/Contents/Home/lib/libverify.dylib
0x000000010615b000 	/Library/Java/JavaVirtualMachines/openjdk-11.0.2.jdk/Contents/Home/lib/libjava.dylib
0x00000001061d3000 	/Library/Java/JavaVirtualMachines/openjdk-11.0.2.jdk/Contents/Home/lib/libzip.dylib
0x00000001061db000 	/Library/Java/JavaVirtualMachines/openjdk-11.0.2.jdk/Contents/Home/lib/libjimage.dylib
0x00000001081a5000 	/Library/Java/JavaVirtualMachines/openjdk-11.0.2.jdk/Contents/Home/lib/libnio.dylib
0x00000001081b3000 	/Library/Java/JavaVirtualMachines/openjdk-11.0.2.jdk/Contents/Home/lib/./libnet.dylib
0x000000012c7e3000 	/Library/Java/JavaVirtualMachines/openjdk-11.0.2.jdk/Contents/Home/lib/libawt.dylib
0x000000012c87d000 	/Library/Java/JavaVirtualMachines/openjdk-11.0.2.jdk/Contents/Home/lib/./libmlib_image.dylib
0x00007fff326f0000 	/System/Library/Frameworks/JavaVM.framework/Versions/A/Frameworks/JavaNativeFoundation.framework/Versions/A/JavaNativeFoundation
0x00007fff326f9000 	/System/Library/Frameworks/JavaVM.framework/Versions/A/Frameworks/JavaRuntimeSupport.framework/Versions/A/JavaRuntimeSupport
0x00007fff32702000 	/System/Library/Frameworks/JavaVM.framework/Versions/A/JavaVM
0x00007fff491cb000 	/System/Library/PrivateFrameworks/JavaLaunching.framework/Versions/A/JavaLaunching
0x00007fff2dc70000 	/System/Library/Frameworks/Carbon.framework/Versions/A/Carbon
0x00007fff2dc71000 	/System/Library/Frameworks/Carbon.framework/Versions/A/Frameworks/CommonPanels.framework/Versions/A/CommonPanels
0x00007fff2df7b000 	/System/Library/Frameworks/Carbon.framework/Versions/A/Frameworks/Help.framework/Versions/A/Help
0x00007fff2df7f000 	/System/Library/Frameworks/Carbon.framework/Versions/A/Frameworks/ImageCapture.framework/Versions/A/ImageCapture
0x00007fff2e01b000 	/System/Library/Frameworks/Carbon.framework/Versions/A/Frameworks/OpenScripting.framework/Versions/A/OpenScripting
0x00007fff2e056000 	/System/Library/Frameworks/Carbon.framework/Versions/A/Frameworks/Print.framework/Versions/A/Print
0x00007fff2e058000 	/System/Library/Frameworks/Carbon.framework/Versions/A/Frameworks/SecurityHI.framework/Versions/A/SecurityHI
0x000000012c8e3000 	/Library/Java/JavaVirtualMachines/openjdk-11.0.2.jdk/Contents/Home/lib/libawt_lwawt.dylib
0x000000012c990000 	/Library/Java/JavaVirtualMachines/openjdk-11.0.2.jdk/Contents/Home/lib/./libosxapp.dylib
0x00007fff30a6f000 	/System/Library/Frameworks/ExceptionHandling.framework/Versions/A/ExceptionHandling
0x000000012cc13000 	/Library/Java/JavaVirtualMachines/openjdk-11.0.2.jdk/Contents/Home/lib/libfontmanager.dylib
0x000000012cca3000 	/Library/Java/JavaVirtualMachines/openjdk-11.0.2.jdk/Contents/Home/lib/./libfreetype.dylib
0x00007fff42441000 	/System/Library/PrivateFrameworks/CoreServicesInternal.framework/Versions/A/CoreServicesInternal
0x00007fff26ae6000 	/System/Library/CoreServices/RawCamera.bundle/Contents/MacOS/RawCamera
0x00007fff4a190000 	/System/Library/PrivateFrameworks/MobileAsset.framework/Versions/A/MobileAsset
0x00007fff515b3000 	/System/Library/PrivateFrameworks/StreamingZip.framework/Versions/A/StreamingZip
0x00007fff32a96000 	/System/Library/Frameworks/MediaToolbox.framework/Versions/A/MediaToolbox
0x00007fff4173b000 	/System/Library/PrivateFrameworks/CoreAVCHD.framework/Versions/A/CoreAVCHD
0x00007fff329df000 	/System/Library/Frameworks/MediaAccessibility.framework/Versions/A/MediaAccessibility
0x00007fff49c0b000 	/System/Library/PrivateFrameworks/Mangrove.framework/Versions/A/Mangrove
0x00007fff2f968000 	/System/Library/Frameworks/CoreMedia.framework/Versions/A/CoreMedia
0x00007fff3b153000 	/System/Library/Frameworks/VideoToolbox.framework/Versions/A/VideoToolbox
0x00007fff41332000 	/System/Library/PrivateFrameworks/CoreAUC.framework/Versions/A/CoreAUC
0x00007fff561d5000 	/usr/lib/libspindump.dylib
0x00007fff3ee4e000 	/System/Library/PrivateFrameworks/AppleVA.framework/Versions/A/AppleVA
0x00007fff2aeaf000 	/System/Library/Frameworks/Accelerate.framework/Versions/A/Frameworks/vImage.framework/Versions/A/Libraries/libCGInterfaces.dylib
0x00007fff2d0d6000 	/System/Library/Frameworks/ApplicationServices.framework/Versions/A/Frameworks/ATS.framework/Versions/A/Resources/libTrueTypeScaler.dylib
0x00007fff288cf000 	/System/Library/Extensions/AppleIntelKBLGraphicsMTLDriver.bundle/Contents/MacOS/AppleIntelKBLGraphicsMTLDriver
0x00007fff45e20000 	/System/Library/PrivateFrameworks/GPUCompiler.framework/Versions/3802/Libraries/libmetal_timestamp.dylib
0x000000012cb08000 	/Library/Java/JavaVirtualMachines/openjdk-11.0.2.jdk/Contents/Home/lib/libosxui.dylib
0x00007fff38ecc000 	/System/Library/Frameworks/OpenGL.framework/Versions/A/Resources/GLEngine.bundle/GLEngine
0x00007fff38398000 	/System/Library/Frameworks/OpenGL.framework/Versions/A/Libraries/libGLProgrammability.dylib
0x0000000131b3f000 	/System/Library/Extensions/AppleIntelKBLGraphicsGLDriver.bundle/Contents/MacOS/AppleIntelKBLGraphicsGLDriver
0x00007fff47480000 	/System/Library/PrivateFrameworks/GPUSupport.framework/Versions/A/Libraries/libGPUSupportMercury.dylib
0x00007fff39064000 	/System/Library/Frameworks/OpenGL.framework/Versions/A/Resources/GLRendererFloat.bundle/GLRendererFloat
0x00007fff3712d000 	/System/Library/Frameworks/OpenCL.framework/Versions/A/Libraries/libcldcpuengine.dylib
0x00007fff54d2e000 	/usr/lib/libcrypto.35.dylib
0x00007fff52621000 	/System/Library/PrivateFrameworks/TrustEvaluationAgent.framework/Versions/A/TrustEvaluationAgent
0x00007fff534ac000 	/System/Library/PrivateFrameworks/ViewBridge.framework/Versions/A/ViewBridge
0x00007fff4046b000 	/System/Library/PrivateFrameworks/CloudDocs.framework/Versions/A/CloudDocs
0x00007fff441f7000 	/System/Library/PrivateFrameworks/FileProvider.framework/Versions/A/FileProvider
0x00007fff511b8000 	/System/Library/PrivateFrameworks/SpotlightIndex.framework/Versions/A/SpotlightIndex
0x00007fff51d46000 	/System/Library/PrivateFrameworks/SymptomDiagnosticReporter.framework/Versions/A/SymptomDiagnosticReporter
0x00007fff47845000 	/System/Library/PrivateFrameworks/GenerationalStorage.framework/Versions/A/GenerationalStorage
0x00007fff40415000 	/System/Library/PrivateFrameworks/ChunkingLibrary.framework/Versions/A/ChunkingLibrary
0x00007fff41f7d000 	/System/Library/PrivateFrameworks/CoreNLP.framework/Versions/A/CoreNLP
0x00007fff555fd000 	/usr/lib/libmecab.1.0.0.dylib
0x00007fff5522e000 	/usr/lib/libgermantok.dylib
0x00007fff54676000 	/usr/lib/libThaiTokenizer.dylib
0x00007fff4954d000 	/System/Library/PrivateFrameworks/Lookup.framework/Versions/A/Lookup
0x00007fff3d592000 	/System/Library/Frameworks/WebKit.framework/Versions/A/WebKit
0x00007fff42d07000 	/System/Library/PrivateFrameworks/DataDetectors.framework/Versions/A/DataDetectors
0x00007fff3d3aa000 	/System/Library/Frameworks/WebKit.framework/Versions/A/Frameworks/WebKitLegacy.framework/Versions/A/WebKitLegacy
0x00007fff3bcd6000 	/System/Library/Frameworks/WebKit.framework/Versions/A/Frameworks/WebCore.framework/Versions/A/WebCore
0x00007fff3b776000 	/System/Library/Frameworks/WebKit.framework/Versions/A/Frameworks/WebCore.framework/Versions/A/Frameworks/libwebrtc.dylib
0x00007fff422b7000 	/System/Library/PrivateFrameworks/CorePrediction.framework/Versions/A/CorePrediction
0x00007fff31a09000 	/System/Library/Frameworks/JavaScriptCore.framework/Versions/A/JavaScriptCore
0x00007fff42163000 	/System/Library/PrivateFrameworks/CoreOptimization.framework/Versions/A/CoreOptimization
0x00007fff39d19000 	/System/Library/Frameworks/Quartz.framework/Versions/A/Quartz
0x00007fff4bf74000 	/System/Library/PrivateFrameworks/PhoneNumbers.framework/Versions/A/PhoneNumbers
0x00007fff483a8000 	/System/Library/PrivateFrameworks/IDS.framework/Versions/A/IDS
0x00007fff2bc7c000 	/System/Library/Frameworks/AddressBook.framework/Versions/A/AddressBook
0x00007fff396e8000 	/System/Library/Frameworks/Quartz.framework/Versions/A/Frameworks/QuartzComposer.framework/Versions/A/QuartzComposer
0x00007fff395f8000 	/System/Library/Frameworks/Quartz.framework/Versions/A/Frameworks/PDFKit.framework/Versions/A/PDFKit
0x00007fff39bfb000 	/System/Library/Frameworks/Quartz.framework/Versions/A/Frameworks/QuartzFilters.framework/Versions/A/QuartzFilters
0x00007fff39392000 	/System/Library/Frameworks/Quartz.framework/Versions/A/Frameworks/ImageKit.framework/Versions/A/ImageKit
0x00007fff39c1f000 	/System/Library/Frameworks/Quartz.framework/Versions/A/Frameworks/QuickLookUI.framework/Versions/A/QuickLookUI
0x00007fff39245000 	/System/Library/Frameworks/QTKit.framework/Versions/A/QTKit
0x00007fff3ee4a000 	/System/Library/PrivateFrameworks/AppleSystemInfo.framework/Versions/A/AppleSystemInfo
0x00007fff2ab0e000 	/System/Library/Frameworks/AVFoundation.framework/Versions/A/AVFoundation
0x00007fff41e1e000 	/System/Library/PrivateFrameworks/CoreMediaAuthoring.framework/Versions/A/CoreMediaAuthoring
0x00007fff2fa5f000 	/System/Library/Frameworks/CoreMediaIO.framework/Versions/A/CoreMediaIO
0x00007fff2acef000 	/System/Library/Frameworks/AVFoundation.framework/Versions/A/Frameworks/AVFAudio.framework/Versions/A/AVFAudio
0x00007fff491ae000 	/System/Library/PrivateFrameworks/IntlPreferences.framework/Versions/A/IntlPreferences
0x00007fff4dea7000 	/System/Library/PrivateFrameworks/RemoteServiceDiscovery.framework/Versions/A/RemoteServiceDiscovery
0x00007fff4ded8000 	/System/Library/PrivateFrameworks/RemoteXPC.framework/Versions/A/RemoteXPC
0x00007fff4913d000 	/System/Library/PrivateFrameworks/InternationalSupport.framework/Versions/A/InternationalSupport
0x00007fff42169000 	/System/Library/PrivateFrameworks/CorePDF.framework/Versions/A/CorePDF
0x00007fff39f67000 	/System/Library/Frameworks/QuickLook.framework/Versions/A/QuickLook
0x00007fff43249000 	/System/Library/PrivateFrameworks/DisplayServices.framework/Versions/A/DisplayServices
0x00007fff31218000 	/System/Library/Frameworks/ImageCaptureCore.framework/Versions/A/ImageCaptureCore
0x00007fff4de46000 	/System/Library/PrivateFrameworks/QuickLookThumbnailing.framework/Versions/A/QuickLookThumbnailing
0x00007fff41802000 	/System/Library/PrivateFrameworks/CoreBrightness.framework/Versions/A/CoreBrightness
0x00007fff3f63c000 	/System/Library/PrivateFrameworks/BezelServices.framework/Versions/A/BezelServices
0x00007fff3a184000 	/System/Library/Frameworks/SafariServices.framework/Versions/A/SafariServices
0x00007fff48aee000 	/System/Library/PrivateFrameworks/IMFoundation.framework/Versions/A/IMFoundation
0x00007fff49c9a000 	/System/Library/PrivateFrameworks/Marco.framework/Versions/A/Marco
0x00007fff484be000 	/System/Library/PrivateFrameworks/IDSFoundation.framework/Versions/A/IDSFoundation
0x00007fff4100b000 	/System/Library/PrivateFrameworks/CommonUtilities.framework/Versions/A/CommonUtilities
0x00007fff4a664000 	/System/Library/PrivateFrameworks/Network.framework/Versions/A/Network
0x00007fff43a3c000 	/System/Library/PrivateFrameworks/Engram.framework/Versions/A/Engram
0x00007fff564f1000 	/usr/lib/libtidy.A.dylib
0x00007fff3f6ad000 	/System/Library/PrivateFrameworks/Bom.framework/Versions/A/Bom
0x00007fff42fee000 	/System/Library/PrivateFrameworks/DiagnosticLogCollection.framework/Versions/A/DiagnosticLogCollection
0x00007fff412b0000 	/System/Library/PrivateFrameworks/ContactsPersistence.framework/Versions/A/ContactsPersistence
0x00007fff3ed31000 	/System/Library/PrivateFrameworks/ApplePushService.framework/Versions/A/ApplePushService
0x00007fff3fd1d000 	/System/Library/PrivateFrameworks/CalendarAgentLink.framework/Versions/A/CalendarAgentLink
0x00007fff4124f000 	/System/Library/PrivateFrameworks/ContactsFoundation.framework/Versions/A/ContactsFoundation
0x00007fff307e3000 	/System/Library/Frameworks/DirectoryService.framework/Versions/A/DirectoryService
0x00007fff32721000 	/System/Library/Frameworks/LDAP.framework/Versions/A/LDAP
0x00007fff3ab54000 	/System/Library/Frameworks/SecurityInterface.framework/Versions/A/SecurityInterface
0x00007fff525ce000 	/System/Library/PrivateFrameworks/ToneKit.framework/Versions/A/ToneKit
0x00007fff525ea000 	/System/Library/PrivateFrameworks/ToneLibrary.framework/Versions/A/ToneLibrary
0x00007fff53f96000 	/System/Library/PrivateFrameworks/vCard.framework/Versions/A/vCard
0x00007fff2bc21000 	/System/Library/Frameworks/Accounts.framework/Versions/A/Accounts
0x00007fff41993000 	/System/Library/PrivateFrameworks/CoreDaemon.framework/Versions/B/CoreDaemon
0x00007fff3ed50000 	/System/Library/PrivateFrameworks/AppleSRP.framework/Versions/A/AppleSRP
0x00007fff561c2000 	/usr/lib/libsasl2.2.dylib
0x00007fff53f56000 	/System/Library/PrivateFrameworks/login.framework/Versions/A/login


VM Arguments:
java_command: HardwareSimulatorMain
java_class_path (initial): :bin/classes:BuiltIn:bin/lib/Hack.jar:bin/lib/HackGUI.jar:bin/lib/Simulators.jar:bin/lib/SimulatorsGUI.jar:bin/lib/Compilers.jar
Launcher Type: SUN_STANDARD

[Global flags]
     intx CICompilerCount                          = 4                                         {product} {ergonomic}
     uint ConcGCThreads                            = 2                                         {product} {ergonomic}
     uint G1ConcRefinementThreads                  = 8                                         {product} {ergonomic}
   size_t G1HeapRegionSize                         = 1048576                                   {product} {ergonomic}
    uintx GCDrainStackTargetSize                   = 64                                        {product} {ergonomic}
   size_t InitialHeapSize                          = 268435456                                 {product} {ergonomic}
   size_t MarkStackSize                            = 4194304                                   {product} {ergonomic}
   size_t MaxHeapSize                              = 4294967296                                {product} {ergonomic}
   size_t MaxNewSize                               = 2576351232                                {product} {ergonomic}
   size_t MinHeapDeltaBytes                        = 1048576                                   {product} {ergonomic}
    uintx NonNMethodCodeHeapSize                   = 5835340                                {pd product} {ergonomic}
    uintx NonProfiledCodeHeapSize                  = 122911450                              {pd product} {ergonomic}
    uintx ProfiledCodeHeapSize                     = 122911450                              {pd product} {ergonomic}
    uintx ReservedCodeCacheSize                    = 251658240                              {pd product} {ergonomic}
     bool SegmentedCodeCache                       = true                                      {product} {ergonomic}
     bool UseCompressedClassPointers               = true                                 {lp64_product} {ergonomic}
     bool UseCompressedOops                        = true                                 {lp64_product} {ergonomic}
     bool UseG1GC                                  = true                                      {product} {ergonomic}

Logging:
Log output configuration:
 #0: stdout all=warning uptime,level,tags
 #1: stderr all=off uptime,level,tags

Environment Variables:
PATH=/Users/hanfeng/anaconda3/bin:/usr/local/bin:/usr/bin:/bin:/usr/sbin:/sbin:/opt/X11/bin:/Applications/Wireshark.app/Contents/MacOS
SHELL=/bin/zsh
DISPLAY=/private/tmp/com.apple.launchd.46vUpToaw3/org.macosforge.xquartz:0

Signal Handlers:
SIGSEGV: [libjvm.dylib+0x73f4e4], sa_mask[0]=11111111011111110111111111111111, sa_flags=SA_ONSTACK|SA_RESTART|SA_SIGINFO
SIGBUS: [libjvm.dylib+0x73f4e4], sa_mask[0]=11111111011111110111111111111111, sa_flags=SA_RESTART|SA_SIGINFO
SIGFPE: [libjvm.dylib+0x73f4e4], sa_mask[0]=11111111011111110111111111111111, sa_flags=SA_RESTART|SA_SIGINFO
SIGPIPE: [libjvm.dylib+0x5f2192], sa_mask[0]=11111111011111110111111111111111, sa_flags=SA_RESTART|SA_SIGINFO
SIGXFSZ: [libjvm.dylib+0x5f2192], sa_mask[0]=11111111011111110111111111111111, sa_flags=SA_RESTART|SA_SIGINFO
SIGILL: [libjvm.dylib+0x73f4e4], sa_mask[0]=11111111011111110111111111111111, sa_flags=SA_RESTART|SA_SIGINFO
SIGUSR2: [libjvm.dylib+0x5f2777], sa_mask[0]=00000000000000000000000000000000, sa_flags=SA_RESTART|SA_SIGINFO
SIGHUP: [libjvm.dylib+0x5f11d3], sa_mask[0]=11111111011111110111111111111111, sa_flags=SA_RESTART|SA_SIGINFO
SIGINT: SIG_IGN, sa_mask[0]=00000000000000000000000000000000, sa_flags=none
SIGTERM: [libjvm.dylib+0x5f11d3], sa_mask[0]=11111111011111110111111111111111, sa_flags=SA_RESTART|SA_SIGINFO
SIGQUIT: [libjvm.dylib+0x5f11d3], sa_mask[0]=11111111011111110111111111111111, sa_flags=SA_RESTART|SA_SIGINFO


---------------  S Y S T E M  ---------------

OS:uname:Darwin 17.7.0 Darwin Kernel Version 17.7.0: Fri Jul  6 19:54:51 PDT 2018; root:xnu-4570.71.3~2/RELEASE_X86_64 x86_64
rlimit: STACK 8192k, CORE 0k, NPROC 1418, NOFILE 10240, AS infinity, DATA infinity, FSIZE infinity
load average:1.98 1.93 1.83

CPU:total 8 (initial active 8) (4 cores per cpu, 2 threads per core) family 6 model 142 stepping 10, cmov, cx8, fxsr, mmx, sse, sse2, sse3, ssse3, sse4.1, sse4.2, popcnt, avx, avx2, aes, clmul, erms, 3dnowpref, lzcnt, ht, tsc, tscinvbit, bmi1, bmi2, adx, fma

Memory: 4k page, physical 16777216k(752328k free)

vm_info: OpenJDK 64-Bit Server VM (11.0.2+9) for bsd-amd64 JRE (11.0.2+9), built on Jan 18 2019 08:16:22 by "mach5one" with gcc 4.2.1 Compatible Apple LLVM 9.1.0 (clang-902.0.39.2)

END.
